{"/home/bmaj/DevToolbox/projects/csr_project/csr-frontend/src/authentication/AuthProvider.jsx": {"path":"/home/bmaj/DevToolbox/projects/csr_project/csr-frontend/src/authentication/AuthProvider.jsx","statementMap":{"0":{"start":{"line":4,"column":20},"end":{"line":4,"column":35}},"1":{"start":{"line":6,"column":28},"end":{"line":27,"column":1}},"2":{"start":{"line":7,"column":26},"end":{"line":10,"column":4}},"3":{"start":{"line":8,"column":18},"end":{"line":8,"column":46}},"4":{"start":{"line":9,"column":4},"end":{"line":9,"column":54}},"5":{"start":{"line":12,"column":16},"end":{"line":15,"column":3}},"6":{"start":{"line":13,"column":4},"end":{"line":13,"column":55}},"7":{"start":{"line":14,"column":4},"end":{"line":14,"column":22}},"8":{"start":{"line":17,"column":17},"end":{"line":20,"column":3}},"9":{"start":{"line":18,"column":4},"end":{"line":18,"column":36}},"10":{"start":{"line":19,"column":4},"end":{"line":19,"column":18}},"11":{"start":{"line":22,"column":2},"end":{"line":26,"column":4}}},"fnMap":{"0":{"name":"(anonymous_0)","decl":{"start":{"line":6,"column":28},"end":{"line":6,"column":29}},"loc":{"start":{"line":6,"column":46},"end":{"line":27,"column":1}},"line":6},"1":{"name":"(anonymous_1)","decl":{"start":{"line":7,"column":35},"end":{"line":7,"column":36}},"loc":{"start":{"line":7,"column":41},"end":{"line":10,"column":3}},"line":7},"2":{"name":"(anonymous_2)","decl":{"start":{"line":12,"column":16},"end":{"line":12,"column":17}},"loc":{"start":{"line":12,"column":26},"end":{"line":15,"column":3}},"line":12},"3":{"name":"(anonymous_3)","decl":{"start":{"line":17,"column":17},"end":{"line":17,"column":18}},"loc":{"start":{"line":17,"column":23},"end":{"line":20,"column":3}},"line":17}},"branchMap":{"0":{"loc":{"start":{"line":9,"column":11},"end":{"line":9,"column":53}},"type":"cond-expr","locations":[{"start":{"line":9,"column":19},"end":{"line":9,"column":46}},{"start":{"line":9,"column":49},"end":{"line":9,"column":53}}],"line":9}},"s":{"0":0,"1":0,"2":0,"3":0,"4":0,"5":0,"6":0,"7":0,"8":0,"9":0,"10":0,"11":0},"f":{"0":0,"1":0,"2":0,"3":0},"b":{"0":[0,0]}}
,"/home/bmaj/DevToolbox/projects/csr_project/csr-frontend/src/authentication/PrivateRoute.jsx": {"path":"/home/bmaj/DevToolbox/projects/csr_project/csr-frontend/src/authentication/PrivateRoute.jsx","statementMap":{"0":{"start":{"line":6,"column":21},"end":{"line":10,"column":1}},"1":{"start":{"line":7,"column":19},"end":{"line":7,"column":28}},"2":{"start":{"line":9,"column":2},"end":{"line":9,"column":52}}},"fnMap":{"0":{"name":"(anonymous_0)","decl":{"start":{"line":6,"column":21},"end":{"line":6,"column":22}},"loc":{"start":{"line":6,"column":39},"end":{"line":10,"column":1}},"line":6}},"branchMap":{"0":{"loc":{"start":{"line":9,"column":9},"end":{"line":9,"column":51}},"type":"cond-expr","locations":[{"start":{"line":9,"column":16},"end":{"line":9,"column":24}},{"start":{"line":9,"column":27},"end":{"line":9,"column":51}}],"line":9}},"s":{"0":0,"1":0,"2":0},"f":{"0":0},"b":{"0":[0,0]}}
,"/home/bmaj/DevToolbox/projects/csr_project/csr-frontend/src/authentication/useAuth.js": {"path":"/home/bmaj/DevToolbox/projects/csr_project/csr-frontend/src/authentication/useAuth.js","statementMap":{"0":{"start":{"line":6,"column":16},"end":{"line":6,"column":45}},"1":{"start":{"line":6,"column":22},"end":{"line":6,"column":45}}},"fnMap":{"0":{"name":"(anonymous_0)","decl":{"start":{"line":6,"column":16},"end":{"line":6,"column":17}},"loc":{"start":{"line":6,"column":22},"end":{"line":6,"column":45}},"line":6}},"branchMap":{},"s":{"0":0,"1":0},"f":{"0":0},"b":{}}
,"/home/bmaj/DevToolbox/projects/csr_project/csr-frontend/src/context/CustomerContext.jsx": {"path":"/home/bmaj/DevToolbox/projects/csr_project/csr-frontend/src/context/CustomerContext.jsx","statementMap":{"0":{"start":{"line":5,"column":31},"end":{"line":5,"column":46}},"1":{"start":{"line":8,"column":50},"end":{"line":8,"column":64}},"2":{"start":{"line":10,"column":2},"end":{"line":14,"column":4}}},"fnMap":{"0":{"name":"CustomerProvider","decl":{"start":{"line":7,"column":16},"end":{"line":7,"column":32}},"loc":{"start":{"line":7,"column":47},"end":{"line":15,"column":1}},"line":7}},"branchMap":{},"s":{"0":0,"1":0,"2":0},"f":{"0":0},"b":{}}
,"/home/bmaj/DevToolbox/projects/csr_project/csr-frontend/src/context/CustomerModalContext.jsx": {"path":"/home/bmaj/DevToolbox/projects/csr_project/csr-frontend/src/context/CustomerModalContext.jsx","statementMap":{"0":{"start":{"line":4,"column":29},"end":{"line":4,"column":44}},"1":{"start":{"line":7,"column":44},"end":{"line":7,"column":59}},"2":{"start":{"line":8,"column":66},"end":{"line":8,"column":81}},"3":{"start":{"line":9,"column":82},"end":{"line":9,"column":97}},"4":{"start":{"line":11,"column":56},"end":{"line":11,"column":70}},"5":{"start":{"line":12,"column":58},"end":{"line":12,"column":72}},"6":{"start":{"line":14,"column":2},"end":{"line":31,"column":4}},"7":{"start":{"line":34,"column":33},"end":{"line":34,"column":71}},"8":{"start":{"line":34,"column":39},"end":{"line":34,"column":71}}},"fnMap":{"0":{"name":"CustomerModalProvider","decl":{"start":{"line":6,"column":16},"end":{"line":6,"column":37}},"loc":{"start":{"line":6,"column":52},"end":{"line":32,"column":1}},"line":6},"1":{"name":"(anonymous_1)","decl":{"start":{"line":34,"column":33},"end":{"line":34,"column":34}},"loc":{"start":{"line":34,"column":39},"end":{"line":34,"column":71}},"line":34}},"branchMap":{},"s":{"0":0,"1":0,"2":0,"3":0,"4":0,"5":0,"6":0,"7":0,"8":0},"f":{"0":0,"1":0},"b":{}}
,"/home/bmaj/DevToolbox/projects/csr_project/csr-frontend/src/context/CustomerSubscriptionContext.jsx": {"path":"/home/bmaj/DevToolbox/projects/csr_project/csr-frontend/src/context/CustomerSubscriptionContext.jsx","statementMap":{"0":{"start":{"line":7,"column":43},"end":{"line":7,"column":58}},"1":{"start":{"line":10,"column":60},"end":{"line":10,"column":72}},"2":{"start":{"line":12,"column":2},"end":{"line":14,"column":9}},"3":{"start":{"line":13,"column":4},"end":{"line":13,"column":51}},"4":{"start":{"line":16,"column":2},"end":{"line":22,"column":4}}},"fnMap":{"0":{"name":"CustomerSubscriptionProvider","decl":{"start":{"line":9,"column":16},"end":{"line":9,"column":44}},"loc":{"start":{"line":9,"column":59},"end":{"line":23,"column":1}},"line":9},"1":{"name":"(anonymous_1)","decl":{"start":{"line":12,"column":12},"end":{"line":12,"column":13}},"loc":{"start":{"line":12,"column":18},"end":{"line":14,"column":3}},"line":12}},"branchMap":{},"s":{"0":0,"1":0,"2":0,"3":0,"4":0},"f":{"0":0,"1":0},"b":{}}
,"/home/bmaj/DevToolbox/projects/csr_project/csr-frontend/src/context/CustomerTransactionsContext.jsx": {"path":"/home/bmaj/DevToolbox/projects/csr_project/csr-frontend/src/context/CustomerTransactionsContext.jsx","statementMap":{"0":{"start":{"line":5,"column":43},"end":{"line":5,"column":58}},"1":{"start":{"line":8,"column":58},"end":{"line":8,"column":70}},"2":{"start":{"line":10,"column":2},"end":{"line":16,"column":4}}},"fnMap":{"0":{"name":"CustomerTransactionsProvider","decl":{"start":{"line":7,"column":16},"end":{"line":7,"column":44}},"loc":{"start":{"line":7,"column":59},"end":{"line":17,"column":1}},"line":7}},"branchMap":{},"s":{"0":0,"1":0,"2":0},"f":{"0":0},"b":{}}
,"/home/bmaj/DevToolbox/projects/csr_project/csr-frontend/src/context/LoadingContext.jsx": {"path":"/home/bmaj/DevToolbox/projects/csr_project/csr-frontend/src/context/LoadingContext.jsx","statementMap":{"0":{"start":{"line":5,"column":30},"end":{"line":5,"column":45}},"1":{"start":{"line":8,"column":32},"end":{"line":8,"column":47}},"2":{"start":{"line":9,"column":2},"end":{"line":13,"column":4}}},"fnMap":{"0":{"name":"LoadingProvider","decl":{"start":{"line":7,"column":16},"end":{"line":7,"column":31}},"loc":{"start":{"line":7,"column":46},"end":{"line":14,"column":1}},"line":7}},"branchMap":{},"s":{"0":0,"1":0,"2":0},"f":{"0":0},"b":{}}
,"/home/bmaj/DevToolbox/projects/csr_project/csr-frontend/src/context/NavigationContext.jsx": {"path":"/home/bmaj/DevToolbox/projects/csr_project/csr-frontend/src/context/NavigationContext.jsx","statementMap":{"0":{"start":{"line":6,"column":44},"end":{"line":6,"column":65}},"1":{"start":{"line":7,"column":50},"end":{"line":7,"column":64}},"2":{"start":{"line":9,"column":2},"end":{"line":20,"column":4}},"3":{"start":{"line":23,"column":33},"end":{"line":23,"column":48}}},"fnMap":{"0":{"name":"NavigationProvider","decl":{"start":{"line":5,"column":24},"end":{"line":5,"column":42}},"loc":{"start":{"line":5,"column":57},"end":{"line":21,"column":1}},"line":5}},"branchMap":{},"s":{"0":0,"1":0,"2":0,"3":0},"f":{"0":0},"b":{}}
,"/home/bmaj/DevToolbox/projects/csr_project/csr-frontend/src/data/csrUsers.js": {"path":"/home/bmaj/DevToolbox/projects/csr_project/csr-frontend/src/data/csrUsers.js","statementMap":{"0":{"start":{"line":2,"column":24},"end":{"line":15,"column":1}},"1":{"start":{"line":17,"column":32},"end":{"line":20,"column":1}},"2":{"start":{"line":18,"column":15},"end":{"line":18,"column":87}},"3":{"start":{"line":18,"column":36},"end":{"line":18,"column":86}},"4":{"start":{"line":19,"column":2},"end":{"line":19,"column":22}}},"fnMap":{"0":{"name":"(anonymous_0)","decl":{"start":{"line":17,"column":32},"end":{"line":17,"column":33}},"loc":{"start":{"line":17,"column":56},"end":{"line":20,"column":1}},"line":17},"1":{"name":"(anonymous_1)","decl":{"start":{"line":18,"column":29},"end":{"line":18,"column":30}},"loc":{"start":{"line":18,"column":36},"end":{"line":18,"column":86}},"line":18}},"branchMap":{"0":{"loc":{"start":{"line":18,"column":36},"end":{"line":18,"column":86}},"type":"binary-expr","locations":[{"start":{"line":18,"column":36},"end":{"line":18,"column":59}},{"start":{"line":18,"column":63},"end":{"line":18,"column":86}}],"line":18},"1":{"loc":{"start":{"line":19,"column":9},"end":{"line":19,"column":21}},"type":"binary-expr","locations":[{"start":{"line":19,"column":9},"end":{"line":19,"column":13}},{"start":{"line":19,"column":17},"end":{"line":19,"column":21}}],"line":19}},"s":{"0":0,"1":0,"2":0,"3":0,"4":0},"f":{"0":0,"1":0},"b":{"0":[0,0],"1":[0,0]}}
,"/home/bmaj/DevToolbox/projects/csr_project/csr-frontend/src/data/registeredUserTxns.js": {"path":"/home/bmaj/DevToolbox/projects/csr_project/csr-frontend/src/data/registeredUserTxns.js","statementMap":{"0":{"start":{"line":1,"column":34},"end":{"line":932,"column":1}}},"fnMap":{},"branchMap":{},"s":{"0":0},"f":{},"b":{}}
,"/home/bmaj/DevToolbox/projects/csr_project/csr-frontend/src/data/registeredUsers.js": {"path":"/home/bmaj/DevToolbox/projects/csr_project/csr-frontend/src/data/registeredUsers.js","statementMap":{"0":{"start":{"line":1,"column":31},"end":{"line":402,"column":1}}},"fnMap":{},"branchMap":{},"s":{"0":0},"f":{},"b":{}}
,"/home/bmaj/DevToolbox/projects/csr_project/csr-frontend/src/data/vehicleSubscriptions.js": {"path":"/home/bmaj/DevToolbox/projects/csr_project/csr-frontend/src/data/vehicleSubscriptions.js","statementMap":{"0":{"start":{"line":1,"column":36},"end":{"line":964,"column":1}}},"fnMap":{},"branchMap":{},"s":{"0":0},"f":{},"b":{}}
,"/home/bmaj/DevToolbox/projects/csr_project/csr-frontend/src/hooks/useCustomer.js": {"path":"/home/bmaj/DevToolbox/projects/csr_project/csr-frontend/src/hooks/useCustomer.js","statementMap":{"0":{"start":{"line":6,"column":27},"end":{"line":6,"column":60}},"1":{"start":{"line":6,"column":33},"end":{"line":6,"column":60}}},"fnMap":{"0":{"name":"(anonymous_0)","decl":{"start":{"line":6,"column":27},"end":{"line":6,"column":28}},"loc":{"start":{"line":6,"column":33},"end":{"line":6,"column":60}},"line":6}},"branchMap":{},"s":{"0":0,"1":0},"f":{"0":0},"b":{}}
,"/home/bmaj/DevToolbox/projects/csr_project/csr-frontend/src/hooks/useCustomerSubscriptions.js": {"path":"/home/bmaj/DevToolbox/projects/csr_project/csr-frontend/src/hooks/useCustomerSubscriptions.js","statementMap":{"0":{"start":{"line":6,"column":40},"end":{"line":6,"column":85}},"1":{"start":{"line":6,"column":46},"end":{"line":6,"column":85}}},"fnMap":{"0":{"name":"(anonymous_0)","decl":{"start":{"line":6,"column":40},"end":{"line":6,"column":41}},"loc":{"start":{"line":6,"column":46},"end":{"line":6,"column":85}},"line":6}},"branchMap":{},"s":{"0":0,"1":0},"f":{"0":0},"b":{}}
,"/home/bmaj/DevToolbox/projects/csr_project/csr-frontend/src/hooks/useCustomerTransactions.js": {"path":"/home/bmaj/DevToolbox/projects/csr_project/csr-frontend/src/hooks/useCustomerTransactions.js","statementMap":{"0":{"start":{"line":6,"column":39},"end":{"line":6,"column":84}},"1":{"start":{"line":6,"column":45},"end":{"line":6,"column":84}}},"fnMap":{"0":{"name":"(anonymous_0)","decl":{"start":{"line":6,"column":39},"end":{"line":6,"column":40}},"loc":{"start":{"line":6,"column":45},"end":{"line":6,"column":84}},"line":6}},"branchMap":{},"s":{"0":0,"1":0},"f":{"0":0},"b":{}}
,"/home/bmaj/DevToolbox/projects/csr_project/csr-frontend/src/hooks/useLoading.js": {"path":"/home/bmaj/DevToolbox/projects/csr_project/csr-frontend/src/hooks/useLoading.js","statementMap":{"0":{"start":{"line":6,"column":26},"end":{"line":6,"column":58}},"1":{"start":{"line":6,"column":32},"end":{"line":6,"column":58}}},"fnMap":{"0":{"name":"(anonymous_0)","decl":{"start":{"line":6,"column":26},"end":{"line":6,"column":27}},"loc":{"start":{"line":6,"column":32},"end":{"line":6,"column":58}},"line":6}},"branchMap":{},"s":{"0":0,"1":0},"f":{"0":0},"b":{}}
,"/home/bmaj/DevToolbox/projects/csr_project/csr-frontend/src/hooks/useNavigation.js": {"path":"/home/bmaj/DevToolbox/projects/csr_project/csr-frontend/src/hooks/useNavigation.js","statementMap":{"0":{"start":{"line":6,"column":29},"end":{"line":6,"column":64}},"1":{"start":{"line":6,"column":35},"end":{"line":6,"column":64}}},"fnMap":{"0":{"name":"(anonymous_0)","decl":{"start":{"line":6,"column":29},"end":{"line":6,"column":30}},"loc":{"start":{"line":6,"column":35},"end":{"line":6,"column":64}},"line":6}},"branchMap":{},"s":{"0":0,"1":0},"f":{"0":0},"b":{}}
,"/home/bmaj/DevToolbox/projects/csr_project/csr-frontend/src/modals/EditCustomerModal.jsx": {"path":"/home/bmaj/DevToolbox/projects/csr_project/csr-frontend/src/modals/EditCustomerModal.jsx","statementMap":{"0":{"start":{"line":15,"column":30},"end":{"line":15,"column":63}},"1":{"start":{"line":16,"column":30},"end":{"line":16,"column":42}},"2":{"start":{"line":18,"column":23},"end":{"line":21,"column":3}},"3":{"start":{"line":19,"column":28},"end":{"line":19,"column":36}},"4":{"start":{"line":20,"column":4},"end":{"line":20,"column":54}},"5":{"start":{"line":20,"column":25},"end":{"line":20,"column":51}},"6":{"start":{"line":23,"column":25},"end":{"line":35,"column":3}},"7":{"start":{"line":24,"column":21},"end":{"line":24,"column":91}},"8":{"start":{"line":25,"column":22},"end":{"line":25,"column":24}},"9":{"start":{"line":27,"column":4},"end":{"line":31,"column":5}},"10":{"start":{"line":28,"column":6},"end":{"line":30,"column":7}},"11":{"start":{"line":29,"column":8},"end":{"line":29,"column":36}},"12":{"start":{"line":33,"column":4},"end":{"line":33,"column":25}},"13":{"start":{"line":34,"column":4},"end":{"line":34,"column":47}},"14":{"start":{"line":37,"column":16},"end":{"line":39,"column":3}},"15":{"start":{"line":38,"column":4},"end":{"line":38,"column":28}},"16":{"start":{"line":41,"column":23},"end":{"line":55,"column":3}},"17":{"start":{"line":42,"column":4},"end":{"line":42,"column":23}},"18":{"start":{"line":44,"column":20},"end":{"line":46,"column":5}},"19":{"start":{"line":45,"column":45},"end":{"line":45,"column":70}},"20":{"start":{"line":47,"column":4},"end":{"line":47,"column":23}},"21":{"start":{"line":49,"column":4},"end":{"line":49,"column":34}},"22":{"start":{"line":49,"column":27},"end":{"line":49,"column":34}},"23":{"start":{"line":51,"column":20},"end":{"line":51,"column":95}},"24":{"start":{"line":51,"column":42},"end":{"line":51,"column":93}},"25":{"start":{"line":52,"column":4},"end":{"line":52,"column":26}},"26":{"start":{"line":53,"column":4},"end":{"line":53,"column":58}},"27":{"start":{"line":53,"column":29},"end":{"line":53,"column":58}},"28":{"start":{"line":54,"column":4},"end":{"line":54,"column":12}},"29":{"start":{"line":57,"column":2},"end":{"line":128,"column":4}}},"fnMap":{"0":{"name":"EditCustomerModal","decl":{"start":{"line":8,"column":24},"end":{"line":8,"column":41}},"loc":{"start":{"line":14,"column":3},"end":{"line":129,"column":1}},"line":14},"1":{"name":"(anonymous_1)","decl":{"start":{"line":18,"column":23},"end":{"line":18,"column":24}},"loc":{"start":{"line":18,"column":30},"end":{"line":21,"column":3}},"line":18},"2":{"name":"(anonymous_2)","decl":{"start":{"line":20,"column":14},"end":{"line":20,"column":15}},"loc":{"start":{"line":20,"column":25},"end":{"line":20,"column":51}},"line":20},"3":{"name":"(anonymous_3)","decl":{"start":{"line":23,"column":25},"end":{"line":23,"column":26}},"loc":{"start":{"line":23,"column":31},"end":{"line":35,"column":3}},"line":23},"4":{"name":"(anonymous_4)","decl":{"start":{"line":37,"column":16},"end":{"line":37,"column":17}},"loc":{"start":{"line":37,"column":22},"end":{"line":39,"column":3}},"line":37},"5":{"name":"(anonymous_5)","decl":{"start":{"line":41,"column":23},"end":{"line":41,"column":24}},"loc":{"start":{"line":41,"column":30},"end":{"line":55,"column":3}},"line":41},"6":{"name":"(anonymous_6)","decl":{"start":{"line":45,"column":33},"end":{"line":45,"column":34}},"loc":{"start":{"line":45,"column":45},"end":{"line":45,"column":70}},"line":45},"7":{"name":"(anonymous_7)","decl":{"start":{"line":51,"column":34},"end":{"line":51,"column":35}},"loc":{"start":{"line":51,"column":42},"end":{"line":51,"column":93}},"line":51}},"branchMap":{"0":{"loc":{"start":{"line":28,"column":6},"end":{"line":30,"column":7}},"type":"if","locations":[{"start":{"line":28,"column":6},"end":{"line":30,"column":7}},{"start":{},"end":{}}],"line":28},"1":{"loc":{"start":{"line":49,"column":4},"end":{"line":49,"column":34}},"type":"if","locations":[{"start":{"line":49,"column":4},"end":{"line":49,"column":34}},{"start":{},"end":{}}],"line":49},"2":{"loc":{"start":{"line":51,"column":42},"end":{"line":51,"column":93}},"type":"cond-expr","locations":[{"start":{"line":51,"column":82},"end":{"line":51,"column":89}},{"start":{"line":51,"column":92},"end":{"line":51,"column":93}}],"line":51},"3":{"loc":{"start":{"line":53,"column":4},"end":{"line":53,"column":58}},"type":"if","locations":[{"start":{"line":53,"column":4},"end":{"line":53,"column":58}},{"start":{},"end":{}}],"line":53}},"s":{"0":0,"1":0,"2":0,"3":0,"4":0,"5":0,"6":0,"7":0,"8":0,"9":0,"10":0,"11":0,"12":0,"13":0,"14":0,"15":0,"16":0,"17":0,"18":0,"19":0,"20":0,"21":0,"22":0,"23":0,"24":0,"25":0,"26":0,"27":0,"28":0,"29":0},"f":{"0":0,"1":0,"2":0,"3":0,"4":0,"5":0,"6":0,"7":0},"b":{"0":[0,0],"1":[0,0],"2":[0,0],"3":[0,0]}}
,"/home/bmaj/DevToolbox/projects/csr_project/csr-frontend/src/modals/EditTransactionModal.jsx": {"path":"/home/bmaj/DevToolbox/projects/csr_project/csr-frontend/src/modals/EditTransactionModal.jsx","statementMap":{"0":{"start":{"line":14,"column":16},"end":{"line":14,"column":36}},"1":{"start":{"line":15,"column":60},"end":{"line":15,"column":85}},"2":{"start":{"line":17,"column":30},"end":{"line":26,"column":3}},"3":{"start":{"line":28,"column":30},"end":{"line":28,"column":42}},"4":{"start":{"line":30,"column":23},"end":{"line":33,"column":3}},"5":{"start":{"line":31,"column":28},"end":{"line":31,"column":36}},"6":{"start":{"line":32,"column":4},"end":{"line":32,"column":54}},"7":{"start":{"line":32,"column":25},"end":{"line":32,"column":51}},"8":{"start":{"line":35,"column":25},"end":{"line":52,"column":3}},"9":{"start":{"line":36,"column":27},"end":{"line":43,"column":5}},"10":{"start":{"line":44,"column":22},"end":{"line":44,"column":24}},"11":{"start":{"line":45,"column":4},"end":{"line":49,"column":5}},"12":{"start":{"line":46,"column":6},"end":{"line":48,"column":7}},"13":{"start":{"line":47,"column":8},"end":{"line":47,"column":38}},"14":{"start":{"line":50,"column":4},"end":{"line":50,"column":25}},"15":{"start":{"line":51,"column":4},"end":{"line":51,"column":47}},"16":{"start":{"line":54,"column":16},"end":{"line":57,"column":3}},"17":{"start":{"line":55,"column":4},"end":{"line":55,"column":28}},"18":{"start":{"line":56,"column":4},"end":{"line":56,"column":33}},"19":{"start":{"line":59,"column":23},"end":{"line":80,"column":3}},"20":{"start":{"line":60,"column":4},"end":{"line":60,"column":23}},"21":{"start":{"line":62,"column":20},"end":{"line":64,"column":5}},"22":{"start":{"line":63,"column":45},"end":{"line":63,"column":70}},"23":{"start":{"line":65,"column":4},"end":{"line":65,"column":23}},"24":{"start":{"line":67,"column":4},"end":{"line":67,"column":34}},"25":{"start":{"line":67,"column":27},"end":{"line":67,"column":34}},"26":{"start":{"line":69,"column":4},"end":{"line":76,"column":5}},"27":{"start":{"line":70,"column":6},"end":{"line":70,"column":66}},"28":{"start":{"line":72,"column":22},"end":{"line":74,"column":7}},"29":{"start":{"line":73,"column":8},"end":{"line":73,"column":75}},"30":{"start":{"line":75,"column":6},"end":{"line":75,"column":39}},"31":{"start":{"line":78,"column":4},"end":{"line":78,"column":36}},"32":{"start":{"line":79,"column":4},"end":{"line":79,"column":12}},"33":{"start":{"line":82,"column":2},"end":{"line":159,"column":4}}},"fnMap":{"0":{"name":"EditTransactionModal","decl":{"start":{"line":9,"column":24},"end":{"line":9,"column":44}},"loc":{"start":{"line":13,"column":3},"end":{"line":160,"column":1}},"line":13},"1":{"name":"(anonymous_1)","decl":{"start":{"line":30,"column":23},"end":{"line":30,"column":24}},"loc":{"start":{"line":30,"column":30},"end":{"line":33,"column":3}},"line":30},"2":{"name":"(anonymous_2)","decl":{"start":{"line":32,"column":14},"end":{"line":32,"column":15}},"loc":{"start":{"line":32,"column":25},"end":{"line":32,"column":51}},"line":32},"3":{"name":"(anonymous_3)","decl":{"start":{"line":35,"column":25},"end":{"line":35,"column":26}},"loc":{"start":{"line":35,"column":31},"end":{"line":52,"column":3}},"line":35},"4":{"name":"(anonymous_4)","decl":{"start":{"line":54,"column":16},"end":{"line":54,"column":17}},"loc":{"start":{"line":54,"column":22},"end":{"line":57,"column":3}},"line":54},"5":{"name":"(anonymous_5)","decl":{"start":{"line":59,"column":23},"end":{"line":59,"column":24}},"loc":{"start":{"line":59,"column":30},"end":{"line":80,"column":3}},"line":59},"6":{"name":"(anonymous_6)","decl":{"start":{"line":63,"column":33},"end":{"line":63,"column":34}},"loc":{"start":{"line":63,"column":45},"end":{"line":63,"column":70}},"line":63},"7":{"name":"(anonymous_7)","decl":{"start":{"line":72,"column":47},"end":{"line":72,"column":48}},"loc":{"start":{"line":73,"column":8},"end":{"line":73,"column":75}},"line":73}},"branchMap":{"0":{"loc":{"start":{"line":18,"column":4},"end":{"line":25,"column":5}},"type":"binary-expr","locations":[{"start":{"line":18,"column":4},"end":{"line":18,"column":23}},{"start":{"line":18,"column":27},"end":{"line":25,"column":5}}],"line":18},"1":{"loc":{"start":{"line":46,"column":6},"end":{"line":48,"column":7}},"type":"if","locations":[{"start":{"line":46,"column":6},"end":{"line":48,"column":7}},{"start":{},"end":{}}],"line":46},"2":{"loc":{"start":{"line":67,"column":4},"end":{"line":67,"column":34}},"type":"if","locations":[{"start":{"line":67,"column":4},"end":{"line":67,"column":34}},{"start":{},"end":{}}],"line":67},"3":{"loc":{"start":{"line":69,"column":4},"end":{"line":76,"column":5}},"type":"if","locations":[{"start":{"line":69,"column":4},"end":{"line":76,"column":5}},{"start":{"line":71,"column":11},"end":{"line":76,"column":5}}],"line":69},"4":{"loc":{"start":{"line":73,"column":8},"end":{"line":73,"column":75}},"type":"cond-expr","locations":[{"start":{"line":73,"column":62},"end":{"line":73,"column":69}},{"start":{"line":73,"column":72},"end":{"line":73,"column":75}}],"line":73},"5":{"loc":{"start":{"line":84,"column":13},"end":{"line":84,"column":59}},"type":"cond-expr","locations":[{"start":{"line":84,"column":21},"end":{"line":84,"column":38}},{"start":{"line":84,"column":41},"end":{"line":84,"column":59}}],"line":84},"6":{"loc":{"start":{"line":100,"column":13},"end":{"line":100,"column":55}},"type":"cond-expr","locations":[{"start":{"line":100,"column":21},"end":{"line":100,"column":38}},{"start":{"line":100,"column":41},"end":{"line":100,"column":55}}],"line":100},"7":{"loc":{"start":{"line":112,"column":23},"end":{"line":112,"column":53}},"type":"cond-expr","locations":[{"start":{"line":112,"column":31},"end":{"line":112,"column":48}},{"start":{"line":112,"column":51},"end":{"line":112,"column":53}}],"line":112},"8":{"loc":{"start":{"line":121,"column":23},"end":{"line":121,"column":53}},"type":"cond-expr","locations":[{"start":{"line":121,"column":31},"end":{"line":121,"column":48}},{"start":{"line":121,"column":51},"end":{"line":121,"column":53}}],"line":121},"9":{"loc":{"start":{"line":138,"column":23},"end":{"line":138,"column":49}},"type":"cond-expr","locations":[{"start":{"line":138,"column":31},"end":{"line":138,"column":44}},{"start":{"line":138,"column":47},"end":{"line":138,"column":49}}],"line":138}},"s":{"0":0,"1":0,"2":0,"3":0,"4":0,"5":0,"6":0,"7":0,"8":0,"9":0,"10":0,"11":0,"12":0,"13":0,"14":0,"15":0,"16":0,"17":0,"18":0,"19":0,"20":0,"21":0,"22":0,"23":0,"24":0,"25":0,"26":0,"27":0,"28":0,"29":0,"30":0,"31":0,"32":0,"33":0},"f":{"0":0,"1":0,"2":0,"3":0,"4":0,"5":0,"6":0,"7":0},"b":{"0":[0,0],"1":[0,0],"2":[0,0],"3":[0,0],"4":[0,0],"5":[0,0],"6":[0,0],"7":[0,0],"8":[0,0],"9":[0,0]}}
,"/home/bmaj/DevToolbox/projects/csr_project/csr-frontend/src/modals/EditVehicleSubscriptionModal.jsx": {"path":"/home/bmaj/DevToolbox/projects/csr_project/csr-frontend/src/modals/EditVehicleSubscriptionModal.jsx","statementMap":{"0":{"start":{"line":14,"column":62},"end":{"line":14,"column":88}},"1":{"start":{"line":15,"column":16},"end":{"line":15,"column":37}},"2":{"start":{"line":17,"column":30},"end":{"line":31,"column":3}},"3":{"start":{"line":33,"column":30},"end":{"line":33,"column":42}},"4":{"start":{"line":35,"column":23},"end":{"line":38,"column":3}},"5":{"start":{"line":36,"column":28},"end":{"line":36,"column":36}},"6":{"start":{"line":37,"column":4},"end":{"line":37,"column":54}},"7":{"start":{"line":37,"column":25},"end":{"line":37,"column":51}},"8":{"start":{"line":40,"column":25},"end":{"line":50,"column":3}},"9":{"start":{"line":41,"column":27},"end":{"line":41,"column":46}},"10":{"start":{"line":42,"column":22},"end":{"line":42,"column":24}},"11":{"start":{"line":43,"column":4},"end":{"line":47,"column":5}},"12":{"start":{"line":44,"column":6},"end":{"line":46,"column":7}},"13":{"start":{"line":45,"column":8},"end":{"line":45,"column":38}},"14":{"start":{"line":48,"column":4},"end":{"line":48,"column":25}},"15":{"start":{"line":49,"column":4},"end":{"line":49,"column":47}},"16":{"start":{"line":52,"column":16},"end":{"line":55,"column":3}},"17":{"start":{"line":53,"column":4},"end":{"line":53,"column":28}},"18":{"start":{"line":54,"column":4},"end":{"line":54,"column":34}},"19":{"start":{"line":57,"column":23},"end":{"line":77,"column":3}},"20":{"start":{"line":58,"column":4},"end":{"line":58,"column":23}},"21":{"start":{"line":60,"column":20},"end":{"line":62,"column":5}},"22":{"start":{"line":61,"column":45},"end":{"line":61,"column":70}},"23":{"start":{"line":63,"column":4},"end":{"line":63,"column":23}},"24":{"start":{"line":65,"column":4},"end":{"line":65,"column":34}},"25":{"start":{"line":65,"column":27},"end":{"line":65,"column":34}},"26":{"start":{"line":67,"column":4},"end":{"line":74,"column":5}},"27":{"start":{"line":68,"column":6},"end":{"line":68,"column":68}},"28":{"start":{"line":70,"column":22},"end":{"line":72,"column":7}},"29":{"start":{"line":71,"column":8},"end":{"line":71,"column":77}},"30":{"start":{"line":73,"column":6},"end":{"line":73,"column":40}},"31":{"start":{"line":75,"column":4},"end":{"line":75,"column":37}},"32":{"start":{"line":76,"column":4},"end":{"line":76,"column":12}},"33":{"start":{"line":79,"column":2},"end":{"line":191,"column":4}}},"fnMap":{"0":{"name":"EditVehicleSubscriptionModal","decl":{"start":{"line":9,"column":24},"end":{"line":9,"column":52}},"loc":{"start":{"line":13,"column":3},"end":{"line":192,"column":1}},"line":13},"1":{"name":"(anonymous_1)","decl":{"start":{"line":35,"column":23},"end":{"line":35,"column":24}},"loc":{"start":{"line":35,"column":30},"end":{"line":38,"column":3}},"line":35},"2":{"name":"(anonymous_2)","decl":{"start":{"line":37,"column":14},"end":{"line":37,"column":15}},"loc":{"start":{"line":37,"column":25},"end":{"line":37,"column":51}},"line":37},"3":{"name":"(anonymous_3)","decl":{"start":{"line":40,"column":25},"end":{"line":40,"column":26}},"loc":{"start":{"line":40,"column":31},"end":{"line":50,"column":3}},"line":40},"4":{"name":"(anonymous_4)","decl":{"start":{"line":52,"column":16},"end":{"line":52,"column":17}},"loc":{"start":{"line":52,"column":22},"end":{"line":55,"column":3}},"line":52},"5":{"name":"(anonymous_5)","decl":{"start":{"line":57,"column":23},"end":{"line":57,"column":24}},"loc":{"start":{"line":57,"column":30},"end":{"line":77,"column":3}},"line":57},"6":{"name":"(anonymous_6)","decl":{"start":{"line":61,"column":33},"end":{"line":61,"column":34}},"loc":{"start":{"line":61,"column":45},"end":{"line":61,"column":70}},"line":61},"7":{"name":"(anonymous_7)","decl":{"start":{"line":70,"column":48},"end":{"line":70,"column":49}},"loc":{"start":{"line":71,"column":8},"end":{"line":71,"column":77}},"line":71}},"branchMap":{"0":{"loc":{"start":{"line":18,"column":4},"end":{"line":30,"column":5}},"type":"binary-expr","locations":[{"start":{"line":18,"column":4},"end":{"line":18,"column":24}},{"start":{"line":18,"column":28},"end":{"line":30,"column":5}}],"line":18},"1":{"loc":{"start":{"line":44,"column":6},"end":{"line":46,"column":7}},"type":"if","locations":[{"start":{"line":44,"column":6},"end":{"line":46,"column":7}},{"start":{},"end":{}}],"line":44},"2":{"loc":{"start":{"line":65,"column":4},"end":{"line":65,"column":34}},"type":"if","locations":[{"start":{"line":65,"column":4},"end":{"line":65,"column":34}},{"start":{},"end":{}}],"line":65},"3":{"loc":{"start":{"line":67,"column":4},"end":{"line":74,"column":5}},"type":"if","locations":[{"start":{"line":67,"column":4},"end":{"line":74,"column":5}},{"start":{"line":69,"column":11},"end":{"line":74,"column":5}}],"line":67},"4":{"loc":{"start":{"line":71,"column":8},"end":{"line":71,"column":77}},"type":"cond-expr","locations":[{"start":{"line":71,"column":64},"end":{"line":71,"column":71}},{"start":{"line":71,"column":74},"end":{"line":71,"column":77}}],"line":71},"5":{"loc":{"start":{"line":81,"column":13},"end":{"line":81,"column":77}},"type":"cond-expr","locations":[{"start":{"line":81,"column":21},"end":{"line":81,"column":47}},{"start":{"line":81,"column":50},"end":{"line":81,"column":77}}],"line":81},"6":{"loc":{"start":{"line":97,"column":13},"end":{"line":97,"column":56}},"type":"cond-expr","locations":[{"start":{"line":97,"column":21},"end":{"line":97,"column":39}},{"start":{"line":97,"column":42},"end":{"line":97,"column":56}}],"line":97},"7":{"loc":{"start":{"line":109,"column":23},"end":{"line":109,"column":47}},"type":"cond-expr","locations":[{"start":{"line":109,"column":31},"end":{"line":109,"column":42}},{"start":{"line":109,"column":45},"end":{"line":109,"column":47}}],"line":109},"8":{"loc":{"start":{"line":118,"column":23},"end":{"line":118,"column":50}},"type":"cond-expr","locations":[{"start":{"line":118,"column":31},"end":{"line":118,"column":45}},{"start":{"line":118,"column":48},"end":{"line":118,"column":50}}],"line":118}},"s":{"0":0,"1":0,"2":0,"3":0,"4":0,"5":0,"6":0,"7":0,"8":0,"9":0,"10":0,"11":0,"12":0,"13":0,"14":0,"15":0,"16":0,"17":0,"18":0,"19":0,"20":0,"21":0,"22":0,"23":0,"24":0,"25":0,"26":0,"27":0,"28":0,"29":0,"30":0,"31":0,"32":0,"33":0},"f":{"0":0,"1":0,"2":0,"3":0,"4":0,"5":0,"6":0,"7":0},"b":{"0":[0,0],"1":[0,0],"2":[0,0],"3":[0,0],"4":[0,0],"5":[0,0],"6":[0,0],"7":[0,0],"8":[0,0]}}
,"/home/bmaj/DevToolbox/projects/csr_project/csr-frontend/src/utils/tableCellData.js": {"path":"/home/bmaj/DevToolbox/projects/csr_project/csr-frontend/src/utils/tableCellData.js","statementMap":{"0":{"start":{"line":3,"column":16},"end":{"line":3,"column":24}},"1":{"start":{"line":5,"column":2},"end":{"line":7,"column":3}},"2":{"start":{"line":6,"column":4},"end":{"line":6,"column":29}},"3":{"start":{"line":9,"column":2},"end":{"line":12,"column":3}},"4":{"start":{"line":10,"column":23},"end":{"line":10,"column":63}},"5":{"start":{"line":11,"column":4},"end":{"line":11,"column":33}},"6":{"start":{"line":14,"column":2},"end":{"line":14,"column":15}}},"fnMap":{"0":{"name":"getCellData","decl":{"start":{"line":2,"column":16},"end":{"line":2,"column":27}},"loc":{"start":{"line":2,"column":64},"end":{"line":15,"column":1}},"line":2}},"branchMap":{"0":{"loc":{"start":{"line":5,"column":2},"end":{"line":7,"column":3}},"type":"if","locations":[{"start":{"line":5,"column":2},"end":{"line":7,"column":3}},{"start":{},"end":{}}],"line":5},"1":{"loc":{"start":{"line":5,"column":6},"end":{"line":5,"column":54}},"type":"binary-expr","locations":[{"start":{"line":5,"column":6},"end":{"line":5,"column":40}},{"start":{"line":5,"column":44},"end":{"line":5,"column":54}}],"line":5},"2":{"loc":{"start":{"line":9,"column":2},"end":{"line":12,"column":3}},"type":"if","locations":[{"start":{"line":9,"column":2},"end":{"line":12,"column":3}},{"start":{},"end":{}}],"line":9},"3":{"loc":{"start":{"line":9,"column":6},"end":{"line":9,"column":38}},"type":"binary-expr","locations":[{"start":{"line":9,"column":6},"end":{"line":9,"column":22}},{"start":{"line":9,"column":26},"end":{"line":9,"column":38}}],"line":9},"4":{"loc":{"start":{"line":10,"column":23},"end":{"line":10,"column":63}},"type":"binary-expr","locations":[{"start":{"line":10,"column":23},"end":{"line":10,"column":57}},{"start":{"line":10,"column":61},"end":{"line":10,"column":63}}],"line":10}},"s":{"0":4,"1":4,"2":1,"3":3,"4":2,"5":2,"6":1},"f":{"0":4},"b":{"0":[1,3],"1":[4,1],"2":[2,1],"3":[3,2],"4":[2,1]},"_coverageSchema":"1a1c01bbd47fc00a2c39e90264f33305004495a9","hash":"1437a1fe6f7e7e5600878caa9ebccb028f90c39d"}
,"/home/bmaj/DevToolbox/projects/csr_project/csr-frontend/src/utils/tableColumnClass.js": {"path":"/home/bmaj/DevToolbox/projects/csr_project/csr-frontend/src/utils/tableColumnClass.js","statementMap":{"0":{"start":{"line":3,"column":2},"end":{"line":3,"column":91}},"1":{"start":{"line":3,"column":81},"end":{"line":3,"column":91}},"2":{"start":{"line":4,"column":2},"end":{"line":4,"column":34}}},"fnMap":{"0":{"name":"getColumnClass","decl":{"start":{"line":2,"column":16},"end":{"line":2,"column":30}},"loc":{"start":{"line":2,"column":36},"end":{"line":5,"column":1}},"line":2}},"branchMap":{"0":{"loc":{"start":{"line":3,"column":2},"end":{"line":3,"column":91}},"type":"if","locations":[{"start":{"line":3,"column":2},"end":{"line":3,"column":91}},{"start":{},"end":{}}],"line":3},"1":{"loc":{"start":{"line":3,"column":6},"end":{"line":3,"column":79}},"type":"binary-expr","locations":[{"start":{"line":3,"column":6},"end":{"line":3,"column":30}},{"start":{"line":3,"column":34},"end":{"line":3,"column":59}},{"start":{"line":3,"column":63},"end":{"line":3,"column":79}}],"line":3}},"s":{"0":5,"1":3,"2":2},"f":{"0":5},"b":{"0":[3,2],"1":[5,4,3]},"_coverageSchema":"1a1c01bbd47fc00a2c39e90264f33305004495a9","hash":"ce00ce0def5d9d0b6dc3d964f4b47288b6675d97"}
}
