{"/home/bmaj/DevToolbox/projects/csr_project/csr-frontend/src/authentication/AuthProvider.jsx": {"path":"/home/bmaj/DevToolbox/projects/csr_project/csr-frontend/src/authentication/AuthProvider.jsx","statementMap":{"0":{"start":{"line":4,"column":20},"end":{"line":4,"column":35}},"1":{"start":{"line":6,"column":28},"end":{"line":27,"column":1}},"2":{"start":{"line":7,"column":26},"end":{"line":10,"column":4}},"3":{"start":{"line":8,"column":18},"end":{"line":8,"column":46}},"4":{"start":{"line":9,"column":4},"end":{"line":9,"column":54}},"5":{"start":{"line":12,"column":16},"end":{"line":15,"column":3}},"6":{"start":{"line":13,"column":4},"end":{"line":13,"column":55}},"7":{"start":{"line":14,"column":4},"end":{"line":14,"column":22}},"8":{"start":{"line":17,"column":17},"end":{"line":20,"column":3}},"9":{"start":{"line":18,"column":4},"end":{"line":18,"column":36}},"10":{"start":{"line":19,"column":4},"end":{"line":19,"column":18}},"11":{"start":{"line":22,"column":2},"end":{"line":26,"column":4}}},"fnMap":{"0":{"name":"(anonymous_0)","decl":{"start":{"line":6,"column":28},"end":{"line":6,"column":29}},"loc":{"start":{"line":6,"column":46},"end":{"line":27,"column":1}},"line":6},"1":{"name":"(anonymous_1)","decl":{"start":{"line":7,"column":35},"end":{"line":7,"column":36}},"loc":{"start":{"line":7,"column":41},"end":{"line":10,"column":3}},"line":7},"2":{"name":"(anonymous_2)","decl":{"start":{"line":12,"column":16},"end":{"line":12,"column":17}},"loc":{"start":{"line":12,"column":26},"end":{"line":15,"column":3}},"line":12},"3":{"name":"(anonymous_3)","decl":{"start":{"line":17,"column":17},"end":{"line":17,"column":18}},"loc":{"start":{"line":17,"column":23},"end":{"line":20,"column":3}},"line":17}},"branchMap":{"0":{"loc":{"start":{"line":9,"column":11},"end":{"line":9,"column":53}},"type":"cond-expr","locations":[{"start":{"line":9,"column":19},"end":{"line":9,"column":46}},{"start":{"line":9,"column":49},"end":{"line":9,"column":53}}],"line":9}},"s":{"0":0,"1":0,"2":0,"3":0,"4":0,"5":0,"6":0,"7":0,"8":0,"9":0,"10":0,"11":0},"f":{"0":0,"1":0,"2":0,"3":0},"b":{"0":[0,0]}}
,"/home/bmaj/DevToolbox/projects/csr_project/csr-frontend/src/authentication/PrivateRoute.jsx": {"path":"/home/bmaj/DevToolbox/projects/csr_project/csr-frontend/src/authentication/PrivateRoute.jsx","statementMap":{"0":{"start":{"line":6,"column":21},"end":{"line":10,"column":1}},"1":{"start":{"line":7,"column":19},"end":{"line":7,"column":28}},"2":{"start":{"line":9,"column":2},"end":{"line":9,"column":52}}},"fnMap":{"0":{"name":"(anonymous_0)","decl":{"start":{"line":6,"column":21},"end":{"line":6,"column":22}},"loc":{"start":{"line":6,"column":39},"end":{"line":10,"column":1}},"line":6}},"branchMap":{"0":{"loc":{"start":{"line":9,"column":9},"end":{"line":9,"column":51}},"type":"cond-expr","locations":[{"start":{"line":9,"column":16},"end":{"line":9,"column":24}},{"start":{"line":9,"column":27},"end":{"line":9,"column":51}}],"line":9}},"s":{"0":0,"1":0,"2":0},"f":{"0":0},"b":{"0":[0,0]}}
,"/home/bmaj/DevToolbox/projects/csr_project/csr-frontend/src/authentication/useAuth.js": {"path":"/home/bmaj/DevToolbox/projects/csr_project/csr-frontend/src/authentication/useAuth.js","statementMap":{"0":{"start":{"line":6,"column":16},"end":{"line":6,"column":45}},"1":{"start":{"line":6,"column":22},"end":{"line":6,"column":45}}},"fnMap":{"0":{"name":"(anonymous_0)","decl":{"start":{"line":6,"column":16},"end":{"line":6,"column":17}},"loc":{"start":{"line":6,"column":22},"end":{"line":6,"column":45}},"line":6}},"branchMap":{},"s":{"0":0,"1":0},"f":{"0":0},"b":{}}
,"/home/bmaj/DevToolbox/projects/csr_project/csr-frontend/src/context/CustomerContext.jsx": {"path":"/home/bmaj/DevToolbox/projects/csr_project/csr-frontend/src/context/CustomerContext.jsx","statementMap":{"0":{"start":{"line":5,"column":31},"end":{"line":5,"column":46}},"1":{"start":{"line":8,"column":50},"end":{"line":8,"column":64}},"2":{"start":{"line":10,"column":2},"end":{"line":14,"column":4}}},"fnMap":{"0":{"name":"CustomerProvider","decl":{"start":{"line":7,"column":16},"end":{"line":7,"column":32}},"loc":{"start":{"line":7,"column":47},"end":{"line":15,"column":1}},"line":7}},"branchMap":{},"s":{"0":0,"1":0,"2":0},"f":{"0":0},"b":{}}
,"/home/bmaj/DevToolbox/projects/csr_project/csr-frontend/src/context/CustomerModalContext.jsx": {"path":"/home/bmaj/DevToolbox/projects/csr_project/csr-frontend/src/context/CustomerModalContext.jsx","statementMap":{"0":{"start":{"line":4,"column":29},"end":{"line":4,"column":44}},"1":{"start":{"line":7,"column":44},"end":{"line":7,"column":59}},"2":{"start":{"line":8,"column":66},"end":{"line":8,"column":81}},"3":{"start":{"line":9,"column":82},"end":{"line":9,"column":97}},"4":{"start":{"line":11,"column":56},"end":{"line":11,"column":70}},"5":{"start":{"line":12,"column":58},"end":{"line":12,"column":72}},"6":{"start":{"line":14,"column":2},"end":{"line":31,"column":4}},"7":{"start":{"line":34,"column":33},"end":{"line":34,"column":71}},"8":{"start":{"line":34,"column":39},"end":{"line":34,"column":71}}},"fnMap":{"0":{"name":"CustomerModalProvider","decl":{"start":{"line":6,"column":16},"end":{"line":6,"column":37}},"loc":{"start":{"line":6,"column":52},"end":{"line":32,"column":1}},"line":6},"1":{"name":"(anonymous_1)","decl":{"start":{"line":34,"column":33},"end":{"line":34,"column":34}},"loc":{"start":{"line":34,"column":39},"end":{"line":34,"column":71}},"line":34}},"branchMap":{},"s":{"0":0,"1":0,"2":0,"3":0,"4":0,"5":0,"6":0,"7":0,"8":0},"f":{"0":0,"1":0},"b":{}}
,"/home/bmaj/DevToolbox/projects/csr_project/csr-frontend/src/context/CustomerSubscriptionContext.jsx": {"path":"/home/bmaj/DevToolbox/projects/csr_project/csr-frontend/src/context/CustomerSubscriptionContext.jsx","statementMap":{"0":{"start":{"line":7,"column":43},"end":{"line":7,"column":58}},"1":{"start":{"line":10,"column":60},"end":{"line":10,"column":72}},"2":{"start":{"line":12,"column":2},"end":{"line":14,"column":9}},"3":{"start":{"line":13,"column":4},"end":{"line":13,"column":51}},"4":{"start":{"line":16,"column":2},"end":{"line":22,"column":4}}},"fnMap":{"0":{"name":"CustomerSubscriptionProvider","decl":{"start":{"line":9,"column":16},"end":{"line":9,"column":44}},"loc":{"start":{"line":9,"column":59},"end":{"line":23,"column":1}},"line":9},"1":{"name":"(anonymous_1)","decl":{"start":{"line":12,"column":12},"end":{"line":12,"column":13}},"loc":{"start":{"line":12,"column":18},"end":{"line":14,"column":3}},"line":12}},"branchMap":{},"s":{"0":0,"1":0,"2":0,"3":0,"4":0},"f":{"0":0,"1":0},"b":{}}
,"/home/bmaj/DevToolbox/projects/csr_project/csr-frontend/src/context/CustomerTransactionsContext.jsx": {"path":"/home/bmaj/DevToolbox/projects/csr_project/csr-frontend/src/context/CustomerTransactionsContext.jsx","statementMap":{"0":{"start":{"line":5,"column":43},"end":{"line":5,"column":58}},"1":{"start":{"line":8,"column":58},"end":{"line":8,"column":70}},"2":{"start":{"line":10,"column":2},"end":{"line":16,"column":4}}},"fnMap":{"0":{"name":"CustomerTransactionsProvider","decl":{"start":{"line":7,"column":16},"end":{"line":7,"column":44}},"loc":{"start":{"line":7,"column":59},"end":{"line":17,"column":1}},"line":7}},"branchMap":{},"s":{"0":0,"1":0,"2":0},"f":{"0":0},"b":{}}
,"/home/bmaj/DevToolbox/projects/csr_project/csr-frontend/src/context/LoadingContext.jsx": {"path":"/home/bmaj/DevToolbox/projects/csr_project/csr-frontend/src/context/LoadingContext.jsx","statementMap":{"0":{"start":{"line":5,"column":30},"end":{"line":5,"column":45}},"1":{"start":{"line":8,"column":32},"end":{"line":8,"column":47}},"2":{"start":{"line":9,"column":2},"end":{"line":13,"column":4}}},"fnMap":{"0":{"name":"LoadingProvider","decl":{"start":{"line":7,"column":16},"end":{"line":7,"column":31}},"loc":{"start":{"line":7,"column":46},"end":{"line":14,"column":1}},"line":7}},"branchMap":{},"s":{"0":0,"1":0,"2":0},"f":{"0":0},"b":{}}
,"/home/bmaj/DevToolbox/projects/csr_project/csr-frontend/src/context/NavigationContext.jsx": {"path":"/home/bmaj/DevToolbox/projects/csr_project/csr-frontend/src/context/NavigationContext.jsx","statementMap":{"0":{"start":{"line":6,"column":44},"end":{"line":6,"column":65}},"1":{"start":{"line":7,"column":50},"end":{"line":7,"column":64}},"2":{"start":{"line":9,"column":2},"end":{"line":20,"column":4}},"3":{"start":{"line":23,"column":33},"end":{"line":23,"column":48}}},"fnMap":{"0":{"name":"NavigationProvider","decl":{"start":{"line":5,"column":24},"end":{"line":5,"column":42}},"loc":{"start":{"line":5,"column":57},"end":{"line":21,"column":1}},"line":5}},"branchMap":{},"s":{"0":0,"1":0,"2":0,"3":0},"f":{"0":0},"b":{}}
,"/home/bmaj/DevToolbox/projects/csr_project/csr-frontend/src/data/csrUsers.js": {"path":"/home/bmaj/DevToolbox/projects/csr_project/csr-frontend/src/data/csrUsers.js","statementMap":{"0":{"start":{"line":2,"column":24},"end":{"line":15,"column":1}},"1":{"start":{"line":17,"column":32},"end":{"line":20,"column":1}},"2":{"start":{"line":18,"column":15},"end":{"line":18,"column":87}},"3":{"start":{"line":18,"column":36},"end":{"line":18,"column":86}},"4":{"start":{"line":19,"column":2},"end":{"line":19,"column":22}}},"fnMap":{"0":{"name":"(anonymous_0)","decl":{"start":{"line":17,"column":32},"end":{"line":17,"column":33}},"loc":{"start":{"line":17,"column":56},"end":{"line":20,"column":1}},"line":17},"1":{"name":"(anonymous_1)","decl":{"start":{"line":18,"column":29},"end":{"line":18,"column":30}},"loc":{"start":{"line":18,"column":36},"end":{"line":18,"column":86}},"line":18}},"branchMap":{"0":{"loc":{"start":{"line":18,"column":36},"end":{"line":18,"column":86}},"type":"binary-expr","locations":[{"start":{"line":18,"column":36},"end":{"line":18,"column":59}},{"start":{"line":18,"column":63},"end":{"line":18,"column":86}}],"line":18},"1":{"loc":{"start":{"line":19,"column":9},"end":{"line":19,"column":21}},"type":"binary-expr","locations":[{"start":{"line":19,"column":9},"end":{"line":19,"column":13}},{"start":{"line":19,"column":17},"end":{"line":19,"column":21}}],"line":19}},"s":{"0":0,"1":0,"2":0,"3":0,"4":0},"f":{"0":0,"1":0},"b":{"0":[0,0],"1":[0,0]}}
,"/home/bmaj/DevToolbox/projects/csr_project/csr-frontend/src/data/registeredUserTxns.js": {"path":"/home/bmaj/DevToolbox/projects/csr_project/csr-frontend/src/data/registeredUserTxns.js","statementMap":{"0":{"start":{"line":1,"column":34},"end":{"line":932,"column":1}}},"fnMap":{},"branchMap":{},"s":{"0":0},"f":{},"b":{}}
,"/home/bmaj/DevToolbox/projects/csr_project/csr-frontend/src/data/registeredUsers.js": {"path":"/home/bmaj/DevToolbox/projects/csr_project/csr-frontend/src/data/registeredUsers.js","statementMap":{"0":{"start":{"line":1,"column":31},"end":{"line":402,"column":1}}},"fnMap":{},"branchMap":{},"s":{"0":0},"f":{},"b":{}}
,"/home/bmaj/DevToolbox/projects/csr_project/csr-frontend/src/data/vehicleSubscriptions.js": {"path":"/home/bmaj/DevToolbox/projects/csr_project/csr-frontend/src/data/vehicleSubscriptions.js","statementMap":{"0":{"start":{"line":1,"column":36},"end":{"line":964,"column":1}}},"fnMap":{},"branchMap":{},"s":{"0":0},"f":{},"b":{}}
,"/home/bmaj/DevToolbox/projects/csr_project/csr-frontend/src/hooks/useCustomer.js": {"path":"/home/bmaj/DevToolbox/projects/csr_project/csr-frontend/src/hooks/useCustomer.js","statementMap":{"0":{"start":{"line":6,"column":27},"end":{"line":6,"column":60}},"1":{"start":{"line":6,"column":33},"end":{"line":6,"column":60}}},"fnMap":{"0":{"name":"(anonymous_0)","decl":{"start":{"line":6,"column":27},"end":{"line":6,"column":28}},"loc":{"start":{"line":6,"column":33},"end":{"line":6,"column":60}},"line":6}},"branchMap":{},"s":{"0":0,"1":0},"f":{"0":0},"b":{}}
,"/home/bmaj/DevToolbox/projects/csr_project/csr-frontend/src/hooks/useCustomerSubscriptions.js": {"path":"/home/bmaj/DevToolbox/projects/csr_project/csr-frontend/src/hooks/useCustomerSubscriptions.js","statementMap":{"0":{"start":{"line":6,"column":40},"end":{"line":6,"column":85}},"1":{"start":{"line":6,"column":46},"end":{"line":6,"column":85}}},"fnMap":{"0":{"name":"(anonymous_0)","decl":{"start":{"line":6,"column":40},"end":{"line":6,"column":41}},"loc":{"start":{"line":6,"column":46},"end":{"line":6,"column":85}},"line":6}},"branchMap":{},"s":{"0":0,"1":0},"f":{"0":0},"b":{}}
,"/home/bmaj/DevToolbox/projects/csr_project/csr-frontend/src/hooks/useCustomerTransactions.js": {"path":"/home/bmaj/DevToolbox/projects/csr_project/csr-frontend/src/hooks/useCustomerTransactions.js","statementMap":{"0":{"start":{"line":6,"column":39},"end":{"line":6,"column":84}},"1":{"start":{"line":6,"column":45},"end":{"line":6,"column":84}}},"fnMap":{"0":{"name":"(anonymous_0)","decl":{"start":{"line":6,"column":39},"end":{"line":6,"column":40}},"loc":{"start":{"line":6,"column":45},"end":{"line":6,"column":84}},"line":6}},"branchMap":{},"s":{"0":0,"1":0},"f":{"0":0},"b":{}}
,"/home/bmaj/DevToolbox/projects/csr_project/csr-frontend/src/hooks/useLoading.js": {"path":"/home/bmaj/DevToolbox/projects/csr_project/csr-frontend/src/hooks/useLoading.js","statementMap":{"0":{"start":{"line":6,"column":26},"end":{"line":6,"column":58}},"1":{"start":{"line":6,"column":32},"end":{"line":6,"column":58}}},"fnMap":{"0":{"name":"(anonymous_0)","decl":{"start":{"line":6,"column":26},"end":{"line":6,"column":27}},"loc":{"start":{"line":6,"column":32},"end":{"line":6,"column":58}},"line":6}},"branchMap":{},"s":{"0":0,"1":0},"f":{"0":0},"b":{}}
,"/home/bmaj/DevToolbox/projects/csr_project/csr-frontend/src/hooks/useNavigation.js": {"path":"/home/bmaj/DevToolbox/projects/csr_project/csr-frontend/src/hooks/useNavigation.js","statementMap":{"0":{"start":{"line":6,"column":29},"end":{"line":6,"column":64}},"1":{"start":{"line":6,"column":35},"end":{"line":6,"column":64}}},"fnMap":{"0":{"name":"(anonymous_0)","decl":{"start":{"line":6,"column":29},"end":{"line":6,"column":30}},"loc":{"start":{"line":6,"column":35},"end":{"line":6,"column":64}},"line":6}},"branchMap":{},"s":{"0":0,"1":0},"f":{"0":0},"b":{}}
,"/home/bmaj/DevToolbox/projects/csr_project/csr-frontend/src/modals/EditCustomerModal.jsx": {"path":"/home/bmaj/DevToolbox/projects/csr_project/csr-frontend/src/modals/EditCustomerModal.jsx","statementMap":{"0":{"start":{"line":18,"column":30},"end":{"line":18,"column":63}},"1":{"start":{"line":19,"column":30},"end":{"line":19,"column":42}},"2":{"start":{"line":21,"column":23},"end":{"line":24,"column":3}},"3":{"start":{"line":22,"column":28},"end":{"line":22,"column":36}},"4":{"start":{"line":23,"column":4},"end":{"line":23,"column":54}},"5":{"start":{"line":23,"column":25},"end":{"line":23,"column":51}},"6":{"start":{"line":26,"column":16},"end":{"line":28,"column":3}},"7":{"start":{"line":27,"column":4},"end":{"line":27,"column":28}},"8":{"start":{"line":30,"column":23},"end":{"line":53,"column":3}},"9":{"start":{"line":31,"column":4},"end":{"line":31,"column":23}},"10":{"start":{"line":33,"column":20},"end":{"line":33,"column":44}},"11":{"start":{"line":34,"column":4},"end":{"line":34,"column":23}},"12":{"start":{"line":36,"column":27},"end":{"line":36,"column":97}},"13":{"start":{"line":37,"column":20},"end":{"line":37,"column":67}},"14":{"start":{"line":39,"column":4},"end":{"line":46,"column":5}},"15":{"start":{"line":40,"column":6},"end":{"line":44,"column":8}},"16":{"start":{"line":42,"column":40},"end":{"line":42,"column":82}},"17":{"start":{"line":45,"column":6},"end":{"line":45,"column":13}},"18":{"start":{"line":48,"column":20},"end":{"line":48,"column":55}},"19":{"start":{"line":49,"column":24},"end":{"line":49,"column":62}},"20":{"start":{"line":50,"column":4},"end":{"line":50,"column":30}},"21":{"start":{"line":51,"column":4},"end":{"line":51,"column":58}},"22":{"start":{"line":51,"column":29},"end":{"line":51,"column":58}},"23":{"start":{"line":52,"column":4},"end":{"line":52,"column":12}},"24":{"start":{"line":55,"column":2},"end":{"line":126,"column":4}}},"fnMap":{"0":{"name":"EditCustomerModal","decl":{"start":{"line":11,"column":24},"end":{"line":11,"column":41}},"loc":{"start":{"line":17,"column":3},"end":{"line":127,"column":1}},"line":17},"1":{"name":"(anonymous_1)","decl":{"start":{"line":21,"column":23},"end":{"line":21,"column":24}},"loc":{"start":{"line":21,"column":30},"end":{"line":24,"column":3}},"line":21},"2":{"name":"(anonymous_2)","decl":{"start":{"line":23,"column":14},"end":{"line":23,"column":15}},"loc":{"start":{"line":23,"column":25},"end":{"line":23,"column":51}},"line":23},"3":{"name":"(anonymous_3)","decl":{"start":{"line":26,"column":16},"end":{"line":26,"column":17}},"loc":{"start":{"line":26,"column":22},"end":{"line":28,"column":3}},"line":26},"4":{"name":"(anonymous_4)","decl":{"start":{"line":30,"column":23},"end":{"line":30,"column":24}},"loc":{"start":{"line":30,"column":30},"end":{"line":53,"column":3}},"line":30},"5":{"name":"(anonymous_5)","decl":{"start":{"line":42,"column":29},"end":{"line":42,"column":30}},"loc":{"start":{"line":42,"column":40},"end":{"line":42,"column":82}},"line":42}},"branchMap":{"0":{"loc":{"start":{"line":39,"column":4},"end":{"line":46,"column":5}},"type":"if","locations":[{"start":{"line":39,"column":4},"end":{"line":46,"column":5}},{"start":{},"end":{}}],"line":39},"1":{"loc":{"start":{"line":42,"column":48},"end":{"line":42,"column":81}},"type":"cond-expr","locations":[{"start":{"line":42,"column":66},"end":{"line":42,"column":76}},{"start":{"line":42,"column":79},"end":{"line":42,"column":81}}],"line":42},"2":{"loc":{"start":{"line":51,"column":4},"end":{"line":51,"column":58}},"type":"if","locations":[{"start":{"line":51,"column":4},"end":{"line":51,"column":58}},{"start":{},"end":{}}],"line":51}},"s":{"0":0,"1":0,"2":0,"3":0,"4":0,"5":0,"6":0,"7":0,"8":0,"9":0,"10":0,"11":0,"12":0,"13":0,"14":0,"15":0,"16":0,"17":0,"18":0,"19":0,"20":0,"21":0,"22":0,"23":0,"24":0},"f":{"0":0,"1":0,"2":0,"3":0,"4":0,"5":0},"b":{"0":[0,0],"1":[0,0],"2":[0,0]}}
,"/home/bmaj/DevToolbox/projects/csr_project/csr-frontend/src/modals/EditTransactionModal.jsx": {"path":"/home/bmaj/DevToolbox/projects/csr_project/csr-frontend/src/modals/EditTransactionModal.jsx","statementMap":{"0":{"start":{"line":17,"column":16},"end":{"line":17,"column":36}},"1":{"start":{"line":18,"column":60},"end":{"line":18,"column":85}},"2":{"start":{"line":20,"column":30},"end":{"line":29,"column":3}},"3":{"start":{"line":31,"column":30},"end":{"line":31,"column":42}},"4":{"start":{"line":33,"column":23},"end":{"line":36,"column":3}},"5":{"start":{"line":34,"column":28},"end":{"line":34,"column":36}},"6":{"start":{"line":35,"column":4},"end":{"line":35,"column":54}},"7":{"start":{"line":35,"column":25},"end":{"line":35,"column":51}},"8":{"start":{"line":38,"column":16},"end":{"line":41,"column":3}},"9":{"start":{"line":39,"column":4},"end":{"line":39,"column":28}},"10":{"start":{"line":40,"column":4},"end":{"line":40,"column":33}},"11":{"start":{"line":43,"column":23},"end":{"line":72,"column":3}},"12":{"start":{"line":44,"column":4},"end":{"line":44,"column":23}},"13":{"start":{"line":46,"column":20},"end":{"line":46,"column":44}},"14":{"start":{"line":47,"column":4},"end":{"line":47,"column":23}},"15":{"start":{"line":49,"column":27},"end":{"line":49,"column":47}},"16":{"start":{"line":50,"column":20},"end":{"line":50,"column":67}},"17":{"start":{"line":52,"column":4},"end":{"line":59,"column":5}},"18":{"start":{"line":53,"column":6},"end":{"line":57,"column":8}},"19":{"start":{"line":55,"column":40},"end":{"line":55,"column":82}},"20":{"start":{"line":58,"column":6},"end":{"line":58,"column":13}},"21":{"start":{"line":61,"column":4},"end":{"line":68,"column":5}},"22":{"start":{"line":62,"column":6},"end":{"line":62,"column":66}},"23":{"start":{"line":64,"column":22},"end":{"line":66,"column":7}},"24":{"start":{"line":65,"column":8},"end":{"line":65,"column":75}},"25":{"start":{"line":67,"column":6},"end":{"line":67,"column":39}},"26":{"start":{"line":70,"column":4},"end":{"line":70,"column":36}},"27":{"start":{"line":71,"column":4},"end":{"line":71,"column":12}},"28":{"start":{"line":74,"column":2},"end":{"line":151,"column":4}}},"fnMap":{"0":{"name":"EditTransactionModal","decl":{"start":{"line":12,"column":24},"end":{"line":12,"column":44}},"loc":{"start":{"line":16,"column":3},"end":{"line":152,"column":1}},"line":16},"1":{"name":"(anonymous_1)","decl":{"start":{"line":33,"column":23},"end":{"line":33,"column":24}},"loc":{"start":{"line":33,"column":30},"end":{"line":36,"column":3}},"line":33},"2":{"name":"(anonymous_2)","decl":{"start":{"line":35,"column":14},"end":{"line":35,"column":15}},"loc":{"start":{"line":35,"column":25},"end":{"line":35,"column":51}},"line":35},"3":{"name":"(anonymous_3)","decl":{"start":{"line":38,"column":16},"end":{"line":38,"column":17}},"loc":{"start":{"line":38,"column":22},"end":{"line":41,"column":3}},"line":38},"4":{"name":"(anonymous_4)","decl":{"start":{"line":43,"column":23},"end":{"line":43,"column":24}},"loc":{"start":{"line":43,"column":30},"end":{"line":72,"column":3}},"line":43},"5":{"name":"(anonymous_5)","decl":{"start":{"line":55,"column":29},"end":{"line":55,"column":30}},"loc":{"start":{"line":55,"column":40},"end":{"line":55,"column":82}},"line":55},"6":{"name":"(anonymous_6)","decl":{"start":{"line":64,"column":47},"end":{"line":64,"column":48}},"loc":{"start":{"line":65,"column":8},"end":{"line":65,"column":75}},"line":65}},"branchMap":{"0":{"loc":{"start":{"line":21,"column":4},"end":{"line":28,"column":5}},"type":"binary-expr","locations":[{"start":{"line":21,"column":4},"end":{"line":21,"column":23}},{"start":{"line":21,"column":27},"end":{"line":28,"column":5}}],"line":21},"1":{"loc":{"start":{"line":52,"column":4},"end":{"line":59,"column":5}},"type":"if","locations":[{"start":{"line":52,"column":4},"end":{"line":59,"column":5}},{"start":{},"end":{}}],"line":52},"2":{"loc":{"start":{"line":55,"column":48},"end":{"line":55,"column":81}},"type":"cond-expr","locations":[{"start":{"line":55,"column":66},"end":{"line":55,"column":76}},{"start":{"line":55,"column":79},"end":{"line":55,"column":81}}],"line":55},"3":{"loc":{"start":{"line":61,"column":4},"end":{"line":68,"column":5}},"type":"if","locations":[{"start":{"line":61,"column":4},"end":{"line":68,"column":5}},{"start":{"line":63,"column":11},"end":{"line":68,"column":5}}],"line":61},"4":{"loc":{"start":{"line":65,"column":8},"end":{"line":65,"column":75}},"type":"cond-expr","locations":[{"start":{"line":65,"column":62},"end":{"line":65,"column":69}},{"start":{"line":65,"column":72},"end":{"line":65,"column":75}}],"line":65},"5":{"loc":{"start":{"line":76,"column":13},"end":{"line":76,"column":59}},"type":"cond-expr","locations":[{"start":{"line":76,"column":21},"end":{"line":76,"column":38}},{"start":{"line":76,"column":41},"end":{"line":76,"column":59}}],"line":76},"6":{"loc":{"start":{"line":92,"column":13},"end":{"line":92,"column":55}},"type":"cond-expr","locations":[{"start":{"line":92,"column":21},"end":{"line":92,"column":38}},{"start":{"line":92,"column":41},"end":{"line":92,"column":55}}],"line":92},"7":{"loc":{"start":{"line":104,"column":23},"end":{"line":104,"column":53}},"type":"cond-expr","locations":[{"start":{"line":104,"column":31},"end":{"line":104,"column":48}},{"start":{"line":104,"column":51},"end":{"line":104,"column":53}}],"line":104},"8":{"loc":{"start":{"line":113,"column":23},"end":{"line":113,"column":53}},"type":"cond-expr","locations":[{"start":{"line":113,"column":31},"end":{"line":113,"column":48}},{"start":{"line":113,"column":51},"end":{"line":113,"column":53}}],"line":113},"9":{"loc":{"start":{"line":130,"column":23},"end":{"line":130,"column":49}},"type":"cond-expr","locations":[{"start":{"line":130,"column":31},"end":{"line":130,"column":44}},{"start":{"line":130,"column":47},"end":{"line":130,"column":49}}],"line":130}},"s":{"0":0,"1":0,"2":0,"3":0,"4":0,"5":0,"6":0,"7":0,"8":0,"9":0,"10":0,"11":0,"12":0,"13":0,"14":0,"15":0,"16":0,"17":0,"18":0,"19":0,"20":0,"21":0,"22":0,"23":0,"24":0,"25":0,"26":0,"27":0,"28":0},"f":{"0":0,"1":0,"2":0,"3":0,"4":0,"5":0,"6":0},"b":{"0":[0,0],"1":[0,0],"2":[0,0],"3":[0,0],"4":[0,0],"5":[0,0],"6":[0,0],"7":[0,0],"8":[0,0],"9":[0,0]}}
,"/home/bmaj/DevToolbox/projects/csr_project/csr-frontend/src/modals/EditVehicleSubscriptionModal.jsx": {"path":"/home/bmaj/DevToolbox/projects/csr_project/csr-frontend/src/modals/EditVehicleSubscriptionModal.jsx","statementMap":{"0":{"start":{"line":17,"column":62},"end":{"line":17,"column":88}},"1":{"start":{"line":18,"column":16},"end":{"line":18,"column":37}},"2":{"start":{"line":20,"column":30},"end":{"line":34,"column":3}},"3":{"start":{"line":36,"column":30},"end":{"line":36,"column":42}},"4":{"start":{"line":38,"column":23},"end":{"line":41,"column":3}},"5":{"start":{"line":39,"column":28},"end":{"line":39,"column":36}},"6":{"start":{"line":40,"column":4},"end":{"line":40,"column":54}},"7":{"start":{"line":40,"column":25},"end":{"line":40,"column":51}},"8":{"start":{"line":43,"column":16},"end":{"line":46,"column":3}},"9":{"start":{"line":44,"column":4},"end":{"line":44,"column":28}},"10":{"start":{"line":45,"column":4},"end":{"line":45,"column":34}},"11":{"start":{"line":48,"column":23},"end":{"line":77,"column":3}},"12":{"start":{"line":49,"column":4},"end":{"line":49,"column":23}},"13":{"start":{"line":51,"column":20},"end":{"line":51,"column":44}},"14":{"start":{"line":52,"column":4},"end":{"line":52,"column":23}},"15":{"start":{"line":54,"column":27},"end":{"line":54,"column":47}},"16":{"start":{"line":55,"column":20},"end":{"line":55,"column":67}},"17":{"start":{"line":57,"column":4},"end":{"line":64,"column":5}},"18":{"start":{"line":58,"column":6},"end":{"line":62,"column":8}},"19":{"start":{"line":60,"column":40},"end":{"line":60,"column":82}},"20":{"start":{"line":63,"column":6},"end":{"line":63,"column":13}},"21":{"start":{"line":66,"column":4},"end":{"line":73,"column":5}},"22":{"start":{"line":67,"column":6},"end":{"line":67,"column":68}},"23":{"start":{"line":69,"column":22},"end":{"line":71,"column":7}},"24":{"start":{"line":70,"column":8},"end":{"line":70,"column":77}},"25":{"start":{"line":72,"column":6},"end":{"line":72,"column":40}},"26":{"start":{"line":75,"column":4},"end":{"line":75,"column":37}},"27":{"start":{"line":76,"column":4},"end":{"line":76,"column":12}},"28":{"start":{"line":79,"column":2},"end":{"line":191,"column":4}}},"fnMap":{"0":{"name":"EditVehicleSubscriptionModal","decl":{"start":{"line":12,"column":24},"end":{"line":12,"column":52}},"loc":{"start":{"line":16,"column":3},"end":{"line":192,"column":1}},"line":16},"1":{"name":"(anonymous_1)","decl":{"start":{"line":38,"column":23},"end":{"line":38,"column":24}},"loc":{"start":{"line":38,"column":30},"end":{"line":41,"column":3}},"line":38},"2":{"name":"(anonymous_2)","decl":{"start":{"line":40,"column":14},"end":{"line":40,"column":15}},"loc":{"start":{"line":40,"column":25},"end":{"line":40,"column":51}},"line":40},"3":{"name":"(anonymous_3)","decl":{"start":{"line":43,"column":16},"end":{"line":43,"column":17}},"loc":{"start":{"line":43,"column":22},"end":{"line":46,"column":3}},"line":43},"4":{"name":"(anonymous_4)","decl":{"start":{"line":48,"column":23},"end":{"line":48,"column":24}},"loc":{"start":{"line":48,"column":30},"end":{"line":77,"column":3}},"line":48},"5":{"name":"(anonymous_5)","decl":{"start":{"line":60,"column":29},"end":{"line":60,"column":30}},"loc":{"start":{"line":60,"column":40},"end":{"line":60,"column":82}},"line":60},"6":{"name":"(anonymous_6)","decl":{"start":{"line":69,"column":48},"end":{"line":69,"column":49}},"loc":{"start":{"line":70,"column":8},"end":{"line":70,"column":77}},"line":70}},"branchMap":{"0":{"loc":{"start":{"line":21,"column":4},"end":{"line":33,"column":5}},"type":"binary-expr","locations":[{"start":{"line":21,"column":4},"end":{"line":21,"column":24}},{"start":{"line":21,"column":28},"end":{"line":33,"column":5}}],"line":21},"1":{"loc":{"start":{"line":57,"column":4},"end":{"line":64,"column":5}},"type":"if","locations":[{"start":{"line":57,"column":4},"end":{"line":64,"column":5}},{"start":{},"end":{}}],"line":57},"2":{"loc":{"start":{"line":60,"column":48},"end":{"line":60,"column":81}},"type":"cond-expr","locations":[{"start":{"line":60,"column":66},"end":{"line":60,"column":76}},{"start":{"line":60,"column":79},"end":{"line":60,"column":81}}],"line":60},"3":{"loc":{"start":{"line":66,"column":4},"end":{"line":73,"column":5}},"type":"if","locations":[{"start":{"line":66,"column":4},"end":{"line":73,"column":5}},{"start":{"line":68,"column":11},"end":{"line":73,"column":5}}],"line":66},"4":{"loc":{"start":{"line":70,"column":8},"end":{"line":70,"column":77}},"type":"cond-expr","locations":[{"start":{"line":70,"column":64},"end":{"line":70,"column":71}},{"start":{"line":70,"column":74},"end":{"line":70,"column":77}}],"line":70},"5":{"loc":{"start":{"line":81,"column":13},"end":{"line":81,"column":77}},"type":"cond-expr","locations":[{"start":{"line":81,"column":21},"end":{"line":81,"column":47}},{"start":{"line":81,"column":50},"end":{"line":81,"column":77}}],"line":81},"6":{"loc":{"start":{"line":97,"column":13},"end":{"line":97,"column":56}},"type":"cond-expr","locations":[{"start":{"line":97,"column":21},"end":{"line":97,"column":39}},{"start":{"line":97,"column":42},"end":{"line":97,"column":56}}],"line":97},"7":{"loc":{"start":{"line":109,"column":23},"end":{"line":109,"column":47}},"type":"cond-expr","locations":[{"start":{"line":109,"column":31},"end":{"line":109,"column":42}},{"start":{"line":109,"column":45},"end":{"line":109,"column":47}}],"line":109},"8":{"loc":{"start":{"line":118,"column":23},"end":{"line":118,"column":50}},"type":"cond-expr","locations":[{"start":{"line":118,"column":31},"end":{"line":118,"column":45}},{"start":{"line":118,"column":48},"end":{"line":118,"column":50}}],"line":118}},"s":{"0":0,"1":0,"2":0,"3":0,"4":0,"5":0,"6":0,"7":0,"8":0,"9":0,"10":0,"11":0,"12":0,"13":0,"14":0,"15":0,"16":0,"17":0,"18":0,"19":0,"20":0,"21":0,"22":0,"23":0,"24":0,"25":0,"26":0,"27":0,"28":0},"f":{"0":0,"1":0,"2":0,"3":0,"4":0,"5":0,"6":0},"b":{"0":[0,0],"1":[0,0],"2":[0,0],"3":[0,0],"4":[0,0],"5":[0,0],"6":[0,0],"7":[0,0],"8":[0,0]}}
,"/home/bmaj/DevToolbox/projects/csr_project/csr-frontend/src/services/customerService.js": {"path":"/home/bmaj/DevToolbox/projects/csr_project/csr-frontend/src/services/customerService.js","statementMap":{"0":{"start":{"line":3,"column":23},"end":{"line":3,"column":49}},"1":{"start":{"line":5,"column":2},"end":{"line":9,"column":4}},"2":{"start":{"line":6,"column":4},"end":{"line":8,"column":5}},"3":{"start":{"line":7,"column":6},"end":{"line":7,"column":70}},"4":{"start":{"line":13,"column":2},"end":{"line":15,"column":4}},"5":{"start":{"line":14,"column":4},"end":{"line":14,"column":85}}},"fnMap":{"0":{"name":"filterCustomers","decl":{"start":{"line":2,"column":16},"end":{"line":2,"column":31}},"loc":{"start":{"line":2,"column":50},"end":{"line":10,"column":1}},"line":2},"1":{"name":"(anonymous_1)","decl":{"start":{"line":5,"column":26},"end":{"line":5,"column":27}},"loc":{"start":{"line":6,"column":4},"end":{"line":8,"column":5}},"line":6},"2":{"name":"(anonymous_2)","decl":{"start":{"line":6,"column":36},"end":{"line":6,"column":37}},"loc":{"start":{"line":7,"column":6},"end":{"line":7,"column":70}},"line":7},"3":{"name":"updateCustomerList","decl":{"start":{"line":12,"column":16},"end":{"line":12,"column":34}},"loc":{"start":{"line":12,"column":66},"end":{"line":16,"column":1}},"line":12},"4":{"name":"(anonymous_4)","decl":{"start":{"line":13,"column":26},"end":{"line":13,"column":27}},"loc":{"start":{"line":14,"column":4},"end":{"line":14,"column":85}},"line":14}},"branchMap":{"0":{"loc":{"start":{"line":14,"column":4},"end":{"line":14,"column":85}},"type":"cond-expr","locations":[{"start":{"line":14,"column":59},"end":{"line":14,"column":74}},{"start":{"line":14,"column":77},"end":{"line":14,"column":85}}],"line":14}},"s":{"0":0,"1":0,"2":0,"3":0,"4":0,"5":0},"f":{"0":0,"1":0,"2":0,"3":0,"4":0},"b":{"0":[0,0]}}
,"/home/bmaj/DevToolbox/projects/csr_project/csr-frontend/src/utils/formatters.js": {"path":"/home/bmaj/DevToolbox/projects/csr_project/csr-frontend/src/utils/formatters.js","statementMap":{"0":{"start":{"line":3,"column":18},"end":{"line":3,"column":20}},"1":{"start":{"line":4,"column":2},"end":{"line":7,"column":3}},"2":{"start":{"line":5,"column":18},"end":{"line":5,"column":26}},"3":{"start":{"line":6,"column":4},"end":{"line":6,"column":68}},"4":{"start":{"line":8,"column":2},"end":{"line":8,"column":17}}},"fnMap":{"0":{"name":"trimObjectValues","decl":{"start":{"line":2,"column":16},"end":{"line":2,"column":32}},"loc":{"start":{"line":2,"column":38},"end":{"line":9,"column":1}},"line":2}},"branchMap":{"0":{"loc":{"start":{"line":6,"column":19},"end":{"line":6,"column":67}},"type":"cond-expr","locations":[{"start":{"line":6,"column":47},"end":{"line":6,"column":59}},{"start":{"line":6,"column":62},"end":{"line":6,"column":67}}],"line":6}},"s":{"0":0,"1":0,"2":0,"3":0,"4":0},"f":{"0":0},"b":{"0":[0,0]}}
,"/home/bmaj/DevToolbox/projects/csr_project/csr-frontend/src/utils/getStatusClass.js": {"path":"/home/bmaj/DevToolbox/projects/csr_project/csr-frontend/src/utils/getStatusClass.js","statementMap":{"0":{"start":{"line":3,"column":2},"end":{"line":3,"column":50}},"1":{"start":{"line":3,"column":26},"end":{"line":3,"column":50}},"2":{"start":{"line":4,"column":2},"end":{"line":4,"column":49}},"3":{"start":{"line":4,"column":27},"end":{"line":4,"column":49}},"4":{"start":{"line":5,"column":2},"end":{"line":5,"column":22}}},"fnMap":{"0":{"name":"getStatusClass","decl":{"start":{"line":2,"column":16},"end":{"line":2,"column":30}},"loc":{"start":{"line":2,"column":38},"end":{"line":6,"column":1}},"line":2}},"branchMap":{"0":{"loc":{"start":{"line":3,"column":2},"end":{"line":3,"column":50}},"type":"if","locations":[{"start":{"line":3,"column":2},"end":{"line":3,"column":50}},{"start":{},"end":{}}],"line":3},"1":{"loc":{"start":{"line":4,"column":2},"end":{"line":4,"column":49}},"type":"if","locations":[{"start":{"line":4,"column":2},"end":{"line":4,"column":49}},{"start":{},"end":{}}],"line":4}},"s":{"0":0,"1":0,"2":0,"3":0,"4":0},"f":{"0":0},"b":{"0":[0,0],"1":[0,0]}}
,"/home/bmaj/DevToolbox/projects/csr_project/csr-frontend/src/utils/splitFields.js": {"path":"/home/bmaj/DevToolbox/projects/csr_project/csr-frontend/src/utils/splitFields.js","statementMap":{"0":{"start":{"line":3,"column":2},"end":{"line":3,"column":48}},"1":{"start":{"line":3,"column":17},"end":{"line":3,"column":48}},"2":{"start":{"line":5,"column":15},"end":{"line":5,"column":41}},"3":{"start":{"line":6,"column":16},"end":{"line":6,"column":60}},"4":{"start":{"line":8,"column":2},"end":{"line":11,"column":4}},"5":{"start":{"line":9,"column":31},"end":{"line":9,"column":46}},"6":{"start":{"line":10,"column":33},"end":{"line":10,"column":48}}},"fnMap":{"0":{"name":"splitFields","decl":{"start":{"line":2,"column":16},"end":{"line":2,"column":27}},"loc":{"start":{"line":2,"column":38},"end":{"line":12,"column":1}},"line":2},"1":{"name":"(anonymous_1)","decl":{"start":{"line":9,"column":22},"end":{"line":9,"column":23}},"loc":{"start":{"line":9,"column":31},"end":{"line":9,"column":46}},"line":9},"2":{"name":"(anonymous_2)","decl":{"start":{"line":10,"column":24},"end":{"line":10,"column":25}},"loc":{"start":{"line":10,"column":33},"end":{"line":10,"column":48}},"line":10}},"branchMap":{"0":{"loc":{"start":{"line":3,"column":2},"end":{"line":3,"column":48}},"type":"if","locations":[{"start":{"line":3,"column":2},"end":{"line":3,"column":48}},{"start":{},"end":{}}],"line":3}},"s":{"0":0,"1":0,"2":0,"3":0,"4":0,"5":0,"6":0},"f":{"0":0,"1":0,"2":0},"b":{"0":[0,0]}}
,"/home/bmaj/DevToolbox/projects/csr_project/csr-frontend/src/utils/tableCellData.js": {"path":"/home/bmaj/DevToolbox/projects/csr_project/csr-frontend/src/utils/tableCellData.js","statementMap":{"0":{"start":{"line":3,"column":16},"end":{"line":3,"column":24}},"1":{"start":{"line":5,"column":2},"end":{"line":7,"column":3}},"2":{"start":{"line":6,"column":4},"end":{"line":6,"column":29}},"3":{"start":{"line":9,"column":2},"end":{"line":12,"column":3}},"4":{"start":{"line":10,"column":23},"end":{"line":10,"column":63}},"5":{"start":{"line":11,"column":4},"end":{"line":11,"column":33}},"6":{"start":{"line":14,"column":2},"end":{"line":14,"column":15}}},"fnMap":{"0":{"name":"getCellData","decl":{"start":{"line":2,"column":16},"end":{"line":2,"column":27}},"loc":{"start":{"line":2,"column":64},"end":{"line":15,"column":1}},"line":2}},"branchMap":{"0":{"loc":{"start":{"line":5,"column":2},"end":{"line":7,"column":3}},"type":"if","locations":[{"start":{"line":5,"column":2},"end":{"line":7,"column":3}},{"start":{},"end":{}}],"line":5},"1":{"loc":{"start":{"line":5,"column":6},"end":{"line":5,"column":54}},"type":"binary-expr","locations":[{"start":{"line":5,"column":6},"end":{"line":5,"column":40}},{"start":{"line":5,"column":44},"end":{"line":5,"column":54}}],"line":5},"2":{"loc":{"start":{"line":9,"column":2},"end":{"line":12,"column":3}},"type":"if","locations":[{"start":{"line":9,"column":2},"end":{"line":12,"column":3}},{"start":{},"end":{}}],"line":9},"3":{"loc":{"start":{"line":9,"column":6},"end":{"line":9,"column":38}},"type":"binary-expr","locations":[{"start":{"line":9,"column":6},"end":{"line":9,"column":22}},{"start":{"line":9,"column":26},"end":{"line":9,"column":38}}],"line":9},"4":{"loc":{"start":{"line":10,"column":23},"end":{"line":10,"column":63}},"type":"binary-expr","locations":[{"start":{"line":10,"column":23},"end":{"line":10,"column":57}},{"start":{"line":10,"column":61},"end":{"line":10,"column":63}}],"line":10}},"s":{"0":0,"1":0,"2":0,"3":0,"4":0,"5":0,"6":0},"f":{"0":0},"b":{"0":[0,0],"1":[0,0],"2":[0,0],"3":[0,0],"4":[0,0]}}
,"/home/bmaj/DevToolbox/projects/csr_project/csr-frontend/src/utils/tableColumnClass.js": {"path":"/home/bmaj/DevToolbox/projects/csr_project/csr-frontend/src/utils/tableColumnClass.js","statementMap":{"0":{"start":{"line":3,"column":2},"end":{"line":3,"column":91}},"1":{"start":{"line":3,"column":81},"end":{"line":3,"column":91}},"2":{"start":{"line":4,"column":2},"end":{"line":4,"column":34}}},"fnMap":{"0":{"name":"getColumnClass","decl":{"start":{"line":2,"column":16},"end":{"line":2,"column":30}},"loc":{"start":{"line":2,"column":36},"end":{"line":5,"column":1}},"line":2}},"branchMap":{"0":{"loc":{"start":{"line":3,"column":2},"end":{"line":3,"column":91}},"type":"if","locations":[{"start":{"line":3,"column":2},"end":{"line":3,"column":91}},{"start":{},"end":{}}],"line":3},"1":{"loc":{"start":{"line":3,"column":6},"end":{"line":3,"column":79}},"type":"binary-expr","locations":[{"start":{"line":3,"column":6},"end":{"line":3,"column":30}},{"start":{"line":3,"column":34},"end":{"line":3,"column":59}},{"start":{"line":3,"column":63},"end":{"line":3,"column":79}}],"line":3}},"s":{"0":0,"1":0,"2":0},"f":{"0":0},"b":{"0":[0,0],"1":[0,0,0]}}
,"/home/bmaj/DevToolbox/projects/csr_project/csr-frontend/src/utils/validation.js": {"path":"/home/bmaj/DevToolbox/projects/csr_project/csr-frontend/src/utils/validation.js","statementMap":{"0":{"start":{"line":3,"column":2},"end":{"line":6,"column":5}},"1":{"start":{"line":4,"column":18},"end":{"line":4,"column":33}},"2":{"start":{"line":5,"column":4},"end":{"line":5,"column":83}},"3":{"start":{"line":10,"column":17},"end":{"line":10,"column":19}},"4":{"start":{"line":12,"column":2},"end":{"line":16,"column":3}},"5":{"start":{"line":13,"column":4},"end":{"line":13,"column":43}},"6":{"start":{"line":14,"column":9},"end":{"line":16,"column":3}},"7":{"start":{"line":15,"column":4},"end":{"line":15,"column":53}},"8":{"start":{"line":18,"column":2},"end":{"line":22,"column":3}},"9":{"start":{"line":19,"column":4},"end":{"line":19,"column":46}},"10":{"start":{"line":20,"column":9},"end":{"line":22,"column":3}},"11":{"start":{"line":21,"column":4},"end":{"line":21,"column":65}},"12":{"start":{"line":24,"column":2},"end":{"line":24,"column":16}}},"fnMap":{"0":{"name":"validateCustomerFields","decl":{"start":{"line":2,"column":16},"end":{"line":2,"column":38}},"loc":{"start":{"line":2,"column":70},"end":{"line":7,"column":1}},"line":2},"1":{"name":"(anonymous_1)","decl":{"start":{"line":3,"column":30},"end":{"line":3,"column":31}},"loc":{"start":{"line":3,"column":41},"end":{"line":6,"column":3}},"line":3},"2":{"name":"validateLoginFields","decl":{"start":{"line":9,"column":16},"end":{"line":9,"column":35}},"loc":{"start":{"line":9,"column":60},"end":{"line":25,"column":1}},"line":9}},"branchMap":{"0":{"loc":{"start":{"line":2,"column":49},"end":{"line":2,"column":68}},"type":"default-arg","locations":[{"start":{"line":2,"column":66},"end":{"line":2,"column":68}}],"line":2},"1":{"loc":{"start":{"line":5,"column":11},"end":{"line":5,"column":82}},"type":"binary-expr","locations":[{"start":{"line":5,"column":11},"end":{"line":5,"column":30}},{"start":{"line":5,"column":34},"end":{"line":5,"column":48}},{"start":{"line":5,"column":52},"end":{"line":5,"column":82}}],"line":5},"2":{"loc":{"start":{"line":12,"column":2},"end":{"line":16,"column":3}},"type":"if","locations":[{"start":{"line":12,"column":2},"end":{"line":16,"column":3}},{"start":{"line":14,"column":9},"end":{"line":16,"column":3}}],"line":12},"3":{"loc":{"start":{"line":14,"column":9},"end":{"line":16,"column":3}},"type":"if","locations":[{"start":{"line":14,"column":9},"end":{"line":16,"column":3}},{"start":{},"end":{}}],"line":14},"4":{"loc":{"start":{"line":18,"column":2},"end":{"line":22,"column":3}},"type":"if","locations":[{"start":{"line":18,"column":2},"end":{"line":22,"column":3}},{"start":{"line":20,"column":9},"end":{"line":22,"column":3}}],"line":18},"5":{"loc":{"start":{"line":20,"column":9},"end":{"line":22,"column":3}},"type":"if","locations":[{"start":{"line":20,"column":9},"end":{"line":22,"column":3}},{"start":{},"end":{}}],"line":20}},"s":{"0":5,"1":12,"2":12,"3":4,"4":4,"5":1,"6":3,"7":1,"8":4,"9":1,"10":3,"11":1,"12":4},"f":{"0":5,"1":12,"2":4},"b":{"0":[0],"1":[12,12,12],"2":[1,3],"3":[1,2],"4":[1,3],"5":[1,2]},"_coverageSchema":"1a1c01bbd47fc00a2c39e90264f33305004495a9","hash":"9054658db8b60ca7ae0a0e8be670f05ef1a7e1d7"}
}
