TN:
SF:src/authentication/AuthProvider.jsx
FN:6,(anonymous_0)
FN:7,(anonymous_1)
FN:12,(anonymous_2)
FN:17,(anonymous_3)
FNF:4
FNH:0
FNDA:0,(anonymous_0)
FNDA:0,(anonymous_1)
FNDA:0,(anonymous_2)
FNDA:0,(anonymous_3)
DA:4,0
DA:6,0
DA:7,0
DA:8,0
DA:9,0
DA:12,0
DA:13,0
DA:14,0
DA:17,0
DA:18,0
DA:19,0
DA:22,0
LF:12
LH:0
BRDA:9,0,0,0
BRDA:9,0,1,0
BRF:2
BRH:0
end_of_record
TN:
SF:src/authentication/PrivateRoute.jsx
FN:6,(anonymous_0)
FNF:1
FNH:0
FNDA:0,(anonymous_0)
DA:6,0
DA:7,0
DA:9,0
LF:3
LH:0
BRDA:9,0,0,0
BRDA:9,0,1,0
BRF:2
BRH:0
end_of_record
TN:
SF:src/authentication/useAuth.js
FN:6,(anonymous_0)
FNF:1
FNH:0
FNDA:0,(anonymous_0)
DA:6,0
LF:1
LH:0
BRF:0
BRH:0
end_of_record
TN:
SF:src/context/CustomerContext.jsx
FN:7,CustomerProvider
FNF:1
FNH:0
FNDA:0,CustomerProvider
DA:5,0
DA:8,0
DA:10,0
LF:3
LH:0
BRF:0
BRH:0
end_of_record
TN:
SF:src/context/CustomerModalContext.jsx
FN:6,CustomerModalProvider
FN:34,(anonymous_1)
FNF:2
FNH:0
FNDA:0,CustomerModalProvider
FNDA:0,(anonymous_1)
DA:4,0
DA:7,0
DA:8,0
DA:9,0
DA:11,0
DA:12,0
DA:14,0
DA:34,0
LF:8
LH:0
BRF:0
BRH:0
end_of_record
TN:
SF:src/context/CustomerSubscriptionContext.jsx
FN:9,CustomerSubscriptionProvider
FN:12,(anonymous_1)
FNF:2
FNH:0
FNDA:0,CustomerSubscriptionProvider
FNDA:0,(anonymous_1)
DA:7,0
DA:10,0
DA:12,0
DA:13,0
DA:16,0
LF:5
LH:0
BRF:0
BRH:0
end_of_record
TN:
SF:src/context/CustomerTransactionsContext.jsx
FN:7,CustomerTransactionsProvider
FNF:1
FNH:0
FNDA:0,CustomerTransactionsProvider
DA:5,0
DA:8,0
DA:10,0
LF:3
LH:0
BRF:0
BRH:0
end_of_record
TN:
SF:src/context/LoadingContext.jsx
FN:7,LoadingProvider
FNF:1
FNH:0
FNDA:0,LoadingProvider
DA:5,0
DA:8,0
DA:9,0
LF:3
LH:0
BRF:0
BRH:0
end_of_record
TN:
SF:src/context/NavigationContext.jsx
FN:5,NavigationProvider
FNF:1
FNH:0
FNDA:0,NavigationProvider
DA:6,0
DA:7,0
DA:9,0
DA:23,0
LF:4
LH:0
BRF:0
BRH:0
end_of_record
TN:
SF:src/data/csrUsers.js
FN:17,(anonymous_0)
FN:18,(anonymous_1)
FNF:2
FNH:0
FNDA:0,(anonymous_0)
FNDA:0,(anonymous_1)
DA:2,0
DA:17,0
DA:18,0
DA:19,0
LF:4
LH:0
BRDA:18,0,0,0
BRDA:18,0,1,0
BRDA:19,1,0,0
BRDA:19,1,1,0
BRF:4
BRH:0
end_of_record
TN:
SF:src/data/registeredUserTxns.js
FNF:0
FNH:0
DA:1,0
LF:1
LH:0
BRF:0
BRH:0
end_of_record
TN:
SF:src/data/registeredUsers.js
FNF:0
FNH:0
DA:1,0
LF:1
LH:0
BRF:0
BRH:0
end_of_record
TN:
SF:src/data/vehicleSubscriptions.js
FNF:0
FNH:0
DA:1,0
LF:1
LH:0
BRF:0
BRH:0
end_of_record
TN:
SF:src/hooks/useCustomer.js
FN:6,(anonymous_0)
FNF:1
FNH:0
FNDA:0,(anonymous_0)
DA:6,0
LF:1
LH:0
BRF:0
BRH:0
end_of_record
TN:
SF:src/hooks/useCustomerSubscriptions.js
FN:6,(anonymous_0)
FNF:1
FNH:0
FNDA:0,(anonymous_0)
DA:6,0
LF:1
LH:0
BRF:0
BRH:0
end_of_record
TN:
SF:src/hooks/useCustomerTransactions.js
FN:6,(anonymous_0)
FNF:1
FNH:0
FNDA:0,(anonymous_0)
DA:6,0
LF:1
LH:0
BRF:0
BRH:0
end_of_record
TN:
SF:src/hooks/useLoading.js
FN:6,(anonymous_0)
FNF:1
FNH:0
FNDA:0,(anonymous_0)
DA:6,0
LF:1
LH:0
BRF:0
BRH:0
end_of_record
TN:
SF:src/hooks/useNavigation.js
FN:6,(anonymous_0)
FNF:1
FNH:0
FNDA:0,(anonymous_0)
DA:6,0
LF:1
LH:0
BRF:0
BRH:0
end_of_record
TN:
SF:src/modals/EditCustomerModal.jsx
FN:11,EditCustomerModal
FN:21,(anonymous_1)
FN:23,(anonymous_2)
FN:26,(anonymous_3)
FN:30,(anonymous_4)
FN:42,(anonymous_5)
FNF:6
FNH:0
FNDA:0,EditCustomerModal
FNDA:0,(anonymous_1)
FNDA:0,(anonymous_2)
FNDA:0,(anonymous_3)
FNDA:0,(anonymous_4)
FNDA:0,(anonymous_5)
DA:18,0
DA:19,0
DA:21,0
DA:22,0
DA:23,0
DA:26,0
DA:27,0
DA:30,0
DA:31,0
DA:33,0
DA:34,0
DA:36,0
DA:37,0
DA:39,0
DA:40,0
DA:42,0
DA:45,0
DA:48,0
DA:49,0
DA:50,0
DA:51,0
DA:52,0
DA:55,0
LF:23
LH:0
BRDA:39,0,0,0
BRDA:39,0,1,0
BRDA:42,1,0,0
BRDA:42,1,1,0
BRDA:51,2,0,0
BRDA:51,2,1,0
BRF:6
BRH:0
end_of_record
TN:
SF:src/modals/EditTransactionModal.jsx
FN:12,EditTransactionModal
FN:33,(anonymous_1)
FN:35,(anonymous_2)
FN:38,(anonymous_3)
FN:43,(anonymous_4)
FN:55,(anonymous_5)
FN:64,(anonymous_6)
FNF:7
FNH:0
FNDA:0,EditTransactionModal
FNDA:0,(anonymous_1)
FNDA:0,(anonymous_2)
FNDA:0,(anonymous_3)
FNDA:0,(anonymous_4)
FNDA:0,(anonymous_5)
FNDA:0,(anonymous_6)
DA:17,0
DA:18,0
DA:20,0
DA:31,0
DA:33,0
DA:34,0
DA:35,0
DA:38,0
DA:39,0
DA:40,0
DA:43,0
DA:44,0
DA:46,0
DA:47,0
DA:49,0
DA:50,0
DA:52,0
DA:53,0
DA:55,0
DA:58,0
DA:61,0
DA:62,0
DA:64,0
DA:65,0
DA:67,0
DA:70,0
DA:71,0
DA:74,0
LF:28
LH:0
BRDA:21,0,0,0
BRDA:21,0,1,0
BRDA:52,1,0,0
BRDA:52,1,1,0
BRDA:55,2,0,0
BRDA:55,2,1,0
BRDA:61,3,0,0
BRDA:61,3,1,0
BRDA:65,4,0,0
BRDA:65,4,1,0
BRDA:76,5,0,0
BRDA:76,5,1,0
BRDA:92,6,0,0
BRDA:92,6,1,0
BRDA:104,7,0,0
BRDA:104,7,1,0
BRDA:113,8,0,0
BRDA:113,8,1,0
BRDA:130,9,0,0
BRDA:130,9,1,0
BRF:20
BRH:0
end_of_record
TN:
SF:src/modals/EditVehicleSubscriptionModal.jsx
FN:12,EditVehicleSubscriptionModal
FN:38,(anonymous_1)
FN:40,(anonymous_2)
FN:43,(anonymous_3)
FN:48,(anonymous_4)
FN:60,(anonymous_5)
FN:69,(anonymous_6)
FNF:7
FNH:0
FNDA:0,EditVehicleSubscriptionModal
FNDA:0,(anonymous_1)
FNDA:0,(anonymous_2)
FNDA:0,(anonymous_3)
FNDA:0,(anonymous_4)
FNDA:0,(anonymous_5)
FNDA:0,(anonymous_6)
DA:17,0
DA:18,0
DA:20,0
DA:36,0
DA:38,0
DA:39,0
DA:40,0
DA:43,0
DA:44,0
DA:45,0
DA:48,0
DA:49,0
DA:51,0
DA:52,0
DA:54,0
DA:55,0
DA:57,0
DA:58,0
DA:60,0
DA:63,0
DA:66,0
DA:67,0
DA:69,0
DA:70,0
DA:72,0
DA:75,0
DA:76,0
DA:79,0
LF:28
LH:0
BRDA:21,0,0,0
BRDA:21,0,1,0
BRDA:57,1,0,0
BRDA:57,1,1,0
BRDA:60,2,0,0
BRDA:60,2,1,0
BRDA:66,3,0,0
BRDA:66,3,1,0
BRDA:70,4,0,0
BRDA:70,4,1,0
BRDA:81,5,0,0
BRDA:81,5,1,0
BRDA:97,6,0,0
BRDA:97,6,1,0
BRDA:109,7,0,0
BRDA:109,7,1,0
BRDA:118,8,0,0
BRDA:118,8,1,0
BRF:18
BRH:0
end_of_record
TN:
SF:src/services/customerService.js
FN:2,filterCustomers
FN:5,(anonymous_1)
FN:6,(anonymous_2)
FN:12,updateCustomerList
FN:13,(anonymous_4)
FNF:5
FNH:0
FNDA:0,filterCustomers
FNDA:0,(anonymous_1)
FNDA:0,(anonymous_2)
FNDA:0,updateCustomerList
FNDA:0,(anonymous_4)
DA:3,0
DA:5,0
DA:6,0
DA:7,0
DA:13,0
DA:14,0
LF:6
LH:0
BRDA:14,0,0,0
BRDA:14,0,1,0
BRF:2
BRH:0
end_of_record
TN:
SF:src/utils/formatters.js
FN:2,trimObjectValues
FNF:1
FNH:0
FNDA:0,trimObjectValues
DA:3,0
DA:4,0
DA:5,0
DA:6,0
DA:8,0
LF:5
LH:0
BRDA:6,0,0,0
BRDA:6,0,1,0
BRF:2
BRH:0
end_of_record
TN:
SF:src/utils/getStatusClass.js
FN:2,getStatusClass
FNF:1
FNH:0
FNDA:0,getStatusClass
DA:3,0
DA:4,0
DA:5,0
LF:3
LH:0
BRDA:3,0,0,0
BRDA:3,0,1,0
BRDA:4,1,0,0
BRDA:4,1,1,0
BRF:4
BRH:0
end_of_record
TN:
SF:src/utils/splitFields.js
FN:2,splitFields
FN:9,(anonymous_1)
FN:10,(anonymous_2)
FNF:3
FNH:0
FNDA:0,splitFields
FNDA:0,(anonymous_1)
FNDA:0,(anonymous_2)
DA:3,0
DA:5,0
DA:6,0
DA:8,0
DA:9,0
DA:10,0
LF:6
LH:0
BRDA:3,0,0,0
BRDA:3,0,1,0
BRF:2
BRH:0
end_of_record
TN:
SF:src/utils/tableCellData.js
FN:2,getCellData
FNF:1
FNH:0
FNDA:0,getCellData
DA:3,0
DA:5,0
DA:6,0
DA:9,0
DA:10,0
DA:11,0
DA:14,0
LF:7
LH:0
BRDA:5,0,0,0
BRDA:5,0,1,0
BRDA:5,1,0,0
BRDA:5,1,1,0
BRDA:9,2,0,0
BRDA:9,2,1,0
BRDA:9,3,0,0
BRDA:9,3,1,0
BRDA:10,4,0,0
BRDA:10,4,1,0
BRF:10
BRH:0
end_of_record
TN:
SF:src/utils/tableColumnClass.js
FN:2,getColumnClass
FNF:1
FNH:0
FNDA:0,getColumnClass
DA:3,0
DA:4,0
LF:2
LH:0
BRDA:3,0,0,0
BRDA:3,0,1,0
BRDA:3,1,0,0
BRDA:3,1,1,0
BRDA:3,1,2,0
BRF:5
BRH:0
end_of_record
TN:
SF:src/utils/validation.js
FN:2,validateCustomerFields
FN:3,(anonymous_1)
FN:9,validateLoginFields
FNF:3
FNH:3
FNDA:5,validateCustomerFields
FNDA:12,(anonymous_1)
FNDA:4,validateLoginFields
DA:3,5
DA:4,12
DA:5,12
DA:10,4
DA:12,4
DA:13,1
DA:14,3
DA:15,1
DA:18,4
DA:19,1
DA:20,3
DA:21,1
DA:24,4
LF:13
LH:13
BRDA:2,0,0,0
BRDA:5,1,0,12
BRDA:5,1,1,12
BRDA:5,1,2,12
BRDA:12,2,0,1
BRDA:12,2,1,3
BRDA:14,3,0,1
BRDA:14,3,1,2
BRDA:18,4,0,1
BRDA:18,4,1,3
BRDA:20,5,0,1
BRDA:20,5,1,2
BRF:12
BRH:11
end_of_record
