TN:
SF:src/authentication/AuthProvider.jsx
FN:6,(anonymous_0)
FN:7,(anonymous_1)
FN:12,(anonymous_2)
FN:17,(anonymous_3)
FNF:4
FNH:0
FNDA:0,(anonymous_0)
FNDA:0,(anonymous_1)
FNDA:0,(anonymous_2)
FNDA:0,(anonymous_3)
DA:4,0
DA:6,0
DA:7,0
DA:8,0
DA:9,0
DA:12,0
DA:13,0
DA:14,0
DA:17,0
DA:18,0
DA:19,0
DA:22,0
LF:12
LH:0
BRDA:9,0,0,0
BRDA:9,0,1,0
BRF:2
BRH:0
end_of_record
TN:
SF:src/authentication/PrivateRoute.jsx
FN:6,(anonymous_0)
FNF:1
FNH:0
FNDA:0,(anonymous_0)
DA:6,0
DA:7,0
DA:9,0
LF:3
LH:0
BRDA:9,0,0,0
BRDA:9,0,1,0
BRF:2
BRH:0
end_of_record
TN:
SF:src/authentication/useAuth.js
FN:6,(anonymous_0)
FNF:1
FNH:0
FNDA:0,(anonymous_0)
DA:6,0
LF:1
LH:0
BRF:0
BRH:0
end_of_record
TN:
SF:src/context/CustomerContext.jsx
FN:7,CustomerProvider
FNF:1
FNH:0
FNDA:0,CustomerProvider
DA:5,0
DA:8,0
DA:10,0
LF:3
LH:0
BRF:0
BRH:0
end_of_record
TN:
SF:src/context/CustomerModalContext.jsx
FN:6,CustomerModalProvider
FN:34,(anonymous_1)
FNF:2
FNH:0
FNDA:0,CustomerModalProvider
FNDA:0,(anonymous_1)
DA:4,0
DA:7,0
DA:8,0
DA:9,0
DA:11,0
DA:12,0
DA:14,0
DA:34,0
LF:8
LH:0
BRF:0
BRH:0
end_of_record
TN:
SF:src/context/CustomerSubscriptionContext.jsx
FN:9,CustomerSubscriptionProvider
FN:12,(anonymous_1)
FNF:2
FNH:0
FNDA:0,CustomerSubscriptionProvider
FNDA:0,(anonymous_1)
DA:7,0
DA:10,0
DA:12,0
DA:13,0
DA:16,0
LF:5
LH:0
BRF:0
BRH:0
end_of_record
TN:
SF:src/context/CustomerTransactionsContext.jsx
FN:7,CustomerTransactionsProvider
FNF:1
FNH:0
FNDA:0,CustomerTransactionsProvider
DA:5,0
DA:8,0
DA:10,0
LF:3
LH:0
BRF:0
BRH:0
end_of_record
TN:
SF:src/context/LoadingContext.jsx
FN:7,LoadingProvider
FNF:1
FNH:0
FNDA:0,LoadingProvider
DA:5,0
DA:8,0
DA:9,0
LF:3
LH:0
BRF:0
BRH:0
end_of_record
TN:
SF:src/context/NavigationContext.jsx
FN:5,NavigationProvider
FNF:1
FNH:0
FNDA:0,NavigationProvider
DA:6,0
DA:7,0
DA:9,0
DA:23,0
LF:4
LH:0
BRF:0
BRH:0
end_of_record
TN:
SF:src/data/csrUsers.js
FN:17,(anonymous_0)
FN:18,(anonymous_1)
FNF:2
FNH:0
FNDA:0,(anonymous_0)
FNDA:0,(anonymous_1)
DA:2,0
DA:17,0
DA:18,0
DA:19,0
LF:4
LH:0
BRDA:18,0,0,0
BRDA:18,0,1,0
BRDA:19,1,0,0
BRDA:19,1,1,0
BRF:4
BRH:0
end_of_record
TN:
SF:src/data/registeredUserTxns.js
FNF:0
FNH:0
DA:1,0
LF:1
LH:0
BRF:0
BRH:0
end_of_record
TN:
SF:src/data/registeredUsers.js
FNF:0
FNH:0
DA:1,0
LF:1
LH:0
BRF:0
BRH:0
end_of_record
TN:
SF:src/data/vehicleSubscriptions.js
FNF:0
FNH:0
DA:1,0
LF:1
LH:0
BRF:0
BRH:0
end_of_record
TN:
SF:src/hooks/useCustomer.js
FN:6,(anonymous_0)
FNF:1
FNH:0
FNDA:0,(anonymous_0)
DA:6,0
LF:1
LH:0
BRF:0
BRH:0
end_of_record
TN:
SF:src/hooks/useCustomerSubscriptions.js
FN:6,(anonymous_0)
FNF:1
FNH:0
FNDA:0,(anonymous_0)
DA:6,0
LF:1
LH:0
BRF:0
BRH:0
end_of_record
TN:
SF:src/hooks/useCustomerTransactions.js
FN:6,(anonymous_0)
FNF:1
FNH:0
FNDA:0,(anonymous_0)
DA:6,0
LF:1
LH:0
BRF:0
BRH:0
end_of_record
TN:
SF:src/hooks/useLoading.js
FN:6,(anonymous_0)
FNF:1
FNH:0
FNDA:0,(anonymous_0)
DA:6,0
LF:1
LH:0
BRF:0
BRH:0
end_of_record
TN:
SF:src/hooks/useNavigation.js
FN:6,(anonymous_0)
FNF:1
FNH:0
FNDA:0,(anonymous_0)
DA:6,0
LF:1
LH:0
BRF:0
BRH:0
end_of_record
TN:
SF:src/modals/EditCustomerModal.jsx
FN:8,EditCustomerModal
FN:18,(anonymous_1)
FN:20,(anonymous_2)
FN:23,(anonymous_3)
FN:37,(anonymous_4)
FN:41,(anonymous_5)
FN:45,(anonymous_6)
FN:51,(anonymous_7)
FNF:8
FNH:0
FNDA:0,EditCustomerModal
FNDA:0,(anonymous_1)
FNDA:0,(anonymous_2)
FNDA:0,(anonymous_3)
FNDA:0,(anonymous_4)
FNDA:0,(anonymous_5)
FNDA:0,(anonymous_6)
FNDA:0,(anonymous_7)
DA:15,0
DA:16,0
DA:18,0
DA:19,0
DA:20,0
DA:23,0
DA:24,0
DA:25,0
DA:27,0
DA:28,0
DA:29,0
DA:33,0
DA:34,0
DA:37,0
DA:38,0
DA:41,0
DA:42,0
DA:44,0
DA:45,0
DA:47,0
DA:49,0
DA:51,0
DA:52,0
DA:53,0
DA:54,0
DA:57,0
LF:26
LH:0
BRDA:28,0,0,0
BRDA:28,0,1,0
BRDA:49,1,0,0
BRDA:49,1,1,0
BRDA:51,2,0,0
BRDA:51,2,1,0
BRDA:53,3,0,0
BRDA:53,3,1,0
BRF:8
BRH:0
end_of_record
TN:
SF:src/modals/EditTransactionModal.jsx
FN:9,EditTransactionModal
FN:30,(anonymous_1)
FN:32,(anonymous_2)
FN:35,(anonymous_3)
FN:54,(anonymous_4)
FN:59,(anonymous_5)
FN:63,(anonymous_6)
FN:72,(anonymous_7)
FNF:8
FNH:0
FNDA:0,EditTransactionModal
FNDA:0,(anonymous_1)
FNDA:0,(anonymous_2)
FNDA:0,(anonymous_3)
FNDA:0,(anonymous_4)
FNDA:0,(anonymous_5)
FNDA:0,(anonymous_6)
FNDA:0,(anonymous_7)
DA:14,0
DA:15,0
DA:17,0
DA:28,0
DA:30,0
DA:31,0
DA:32,0
DA:35,0
DA:36,0
DA:44,0
DA:45,0
DA:46,0
DA:47,0
DA:50,0
DA:51,0
DA:54,0
DA:55,0
DA:56,0
DA:59,0
DA:60,0
DA:62,0
DA:63,0
DA:65,0
DA:67,0
DA:69,0
DA:70,0
DA:72,0
DA:73,0
DA:75,0
DA:78,0
DA:79,0
DA:82,0
LF:32
LH:0
BRDA:18,0,0,0
BRDA:18,0,1,0
BRDA:46,1,0,0
BRDA:46,1,1,0
BRDA:67,2,0,0
BRDA:67,2,1,0
BRDA:69,3,0,0
BRDA:69,3,1,0
BRDA:73,4,0,0
BRDA:73,4,1,0
BRDA:84,5,0,0
BRDA:84,5,1,0
BRDA:100,6,0,0
BRDA:100,6,1,0
BRDA:112,7,0,0
BRDA:112,7,1,0
BRDA:121,8,0,0
BRDA:121,8,1,0
BRDA:138,9,0,0
BRDA:138,9,1,0
BRF:20
BRH:0
end_of_record
TN:
SF:src/modals/EditVehicleSubscriptionModal.jsx
FN:9,EditVehicleSubscriptionModal
FN:35,(anonymous_1)
FN:37,(anonymous_2)
FN:40,(anonymous_3)
FN:52,(anonymous_4)
FN:57,(anonymous_5)
FN:61,(anonymous_6)
FN:70,(anonymous_7)
FNF:8
FNH:0
FNDA:0,EditVehicleSubscriptionModal
FNDA:0,(anonymous_1)
FNDA:0,(anonymous_2)
FNDA:0,(anonymous_3)
FNDA:0,(anonymous_4)
FNDA:0,(anonymous_5)
FNDA:0,(anonymous_6)
FNDA:0,(anonymous_7)
DA:14,0
DA:15,0
DA:17,0
DA:33,0
DA:35,0
DA:36,0
DA:37,0
DA:40,0
DA:41,0
DA:42,0
DA:43,0
DA:44,0
DA:45,0
DA:48,0
DA:49,0
DA:52,0
DA:53,0
DA:54,0
DA:57,0
DA:58,0
DA:60,0
DA:61,0
DA:63,0
DA:65,0
DA:67,0
DA:68,0
DA:70,0
DA:71,0
DA:73,0
DA:75,0
DA:76,0
DA:79,0
LF:32
LH:0
BRDA:18,0,0,0
BRDA:18,0,1,0
BRDA:44,1,0,0
BRDA:44,1,1,0
BRDA:65,2,0,0
BRDA:65,2,1,0
BRDA:67,3,0,0
BRDA:67,3,1,0
BRDA:71,4,0,0
BRDA:71,4,1,0
BRDA:81,5,0,0
BRDA:81,5,1,0
BRDA:97,6,0,0
BRDA:97,6,1,0
BRDA:109,7,0,0
BRDA:109,7,1,0
BRDA:118,8,0,0
BRDA:118,8,1,0
BRF:18
BRH:0
end_of_record
TN:
SF:src/utils/tableCellData.js
FN:2,getCellData
FNF:1
FNH:1
FNDA:4,getCellData
DA:3,4
DA:5,4
DA:6,1
DA:9,3
DA:10,2
DA:11,2
DA:14,1
LF:7
LH:7
BRDA:5,0,0,1
BRDA:5,0,1,3
BRDA:5,1,0,4
BRDA:5,1,1,1
BRDA:9,2,0,2
BRDA:9,2,1,1
BRDA:9,3,0,3
BRDA:9,3,1,2
BRDA:10,4,0,2
BRDA:10,4,1,1
BRF:10
BRH:10
end_of_record
TN:
SF:src/utils/tableColumnClass.js
FN:2,getColumnClass
FNF:1
FNH:1
FNDA:5,getColumnClass
DA:3,5
DA:4,2
LF:2
LH:2
BRDA:3,0,0,3
BRDA:3,0,1,2
BRDA:3,1,0,5
BRDA:3,1,1,4
BRDA:3,1,2,3
BRF:5
BRH:5
end_of_record
